#
# There is insufficient memory for the Java Runtime Environment to continue.
# Native memory allocation (malloc) failed to allocate 1028656 bytes for Chunk::new
# Possible reasons:
#   The system is out of physical RAM or swap space
#   The process is running with CompressedOops enabled, and the Java Heap may be blocking the growth of the native heap
# Possible solutions:
#   Reduce memory load on the system
#   Increase physical memory or swap space
#   Check if swap backing store is full
#   Decrease Java heap size (-Xmx/-Xms)
#   Decrease number of Java threads
#   Decrease Java thread stack sizes (-Xss)
#   Set larger code cache with -XX:ReservedCodeCacheSize=
#   JVM is running with Unscaled Compressed Oops mode in which the Java heap is
#     placed in the first 4GB address space. The Java Heap base address is the
#     maximum limit for the native heap growth. Please use -XX:HeapBaseMinAddress
#     to set the Java Heap base and to place the Java Heap above 4GB virtual address.
# This output file may be truncated or incomplete.
#
#  Out of Memory Error (arena.cpp:168), pid=18072, tid=34600
#
# JRE version: OpenJDK Runtime Environment (21.0.2+13) (build 21.0.2+13-58)
# Java VM: OpenJDK 64-Bit Server VM (21.0.2+13-58, mixed mode, sharing, tiered, compressed oops, compressed class ptrs, g1 gc, windows-amd64)
# No core dump will be written. Minidumps are not enabled by default on client versions of Windows
#

---------------  S U M M A R Y ------------

Command Line: --add-opens=java.base/java.util=ALL-UNNAMED --add-opens=java.base/java.lang=ALL-UNNAMED --add-opens=java.base/java.lang.invoke=ALL-UNNAMED --add-opens=java.prefs/java.util.prefs=ALL-UNNAMED --add-opens=java.base/java.nio.charset=ALL-UNNAMED --add-opens=java.base/java.net=ALL-UNNAMED --add-opens=java.base/java.util.concurrent.atomic=ALL-UNNAMED -XX:MaxMetaspaceSize=384m -XX:+HeapDumpOnOutOfMemoryError -Xms256m -Xmx512m -Dfile.encoding=windows-1252 -Duser.country=US -Duser.language=en -Duser.variant -javaagent:C:\Users\hoang\.gradle\wrapper\dists\gradle-8.8-bin\dl7vupf4psengwqhwktix4v1\gradle-8.8\lib\agents\gradle-instrumentation-agent-8.8.jar org.gradle.launcher.daemon.bootstrap.GradleDaemon 8.8

Host: Intel(R) Core(TM) i7-8565U CPU @ 1.80GHz, 8 cores, 7G,  Windows 11 , 64 bit Build 22621 (10.0.22621.3672)
Time: Wed Jul 24 03:02:40 2024 SE Asia Standard Time elapsed time: 51.306303 seconds (0d 0h 0m 51s)

---------------  T H R E A D  ---------------

Current thread (0x000001626d386970):  JavaThread "C2 CompilerThread0" daemon [_thread_in_native, id=34600, stack(0x0000000ca7b00000,0x0000000ca7c00000) (1024K)]


Current CompileTask:
C2:  51306 6957   !   4       java.security.AccessController::doPrivileged (26 bytes)

Stack: [0x0000000ca7b00000,0x0000000ca7c00000]
Native frames: (J=compiled Java code, j=interpreted, Vv=VM code, C=native code)
V  [jvm.dll+0x6cade9]
V  [jvm.dll+0x8569c1]
V  [jvm.dll+0x858d2e]
V  [jvm.dll+0x859413]
V  [jvm.dll+0x280e56]
V  [jvm.dll+0xc3f3d]
V  [jvm.dll+0xc4473]
V  [jvm.dll+0x3b5bf2]
V  [jvm.dll+0x1e2013]
V  [jvm.dll+0x249d22]
V  [jvm.dll+0x2491b1]
V  [jvm.dll+0x1c9634]
V  [jvm.dll+0x258859]
V  [jvm.dll+0x256e3a]
V  [jvm.dll+0x3ef6c6]
V  [jvm.dll+0x7ff568]
V  [jvm.dll+0x6c953d]
C  [ucrtbase.dll+0x29333]
C  [KERNEL32.DLL+0x1257d]
C  [ntdll.dll+0x5af28]


---------------  P R O C E S S  ---------------

Threads class SMR info:
_java_thread_list=0x0000016275df3bb0, length=60, elements={
0x000001625279bca0, 0x000001626d3783b0, 0x000001626d37de30, 0x000001626d37ea90,
0x000001626d37f6f0, 0x000001626d383170, 0x000001626d383bd0, 0x000001626d386970,
0x000001626d39e630, 0x000001626d572060, 0x000001626d6d0130, 0x00000162733f5550,
0x0000016272a85340, 0x0000016272714b10, 0x00000162728c8b70, 0x000001627290c170,
0x000001627290d000, 0x000001627290d670, 0x000001626d86dd60, 0x000001626d86c9b0,
0x000001626d86e3f0, 0x000001626d86d040, 0x000001626d86d6d0, 0x000001626d86ea80,
0x000001626d86f110, 0x000001626d86c320, 0x0000016275c803c0, 0x0000016275c80a50,
0x0000016275c83840, 0x0000016275c84bf0, 0x0000016275c83ed0, 0x0000016275c831b0,
0x0000016275c85280, 0x0000016275c810e0, 0x0000016275c82490, 0x0000016275c7fd30,
0x0000016275c7f6a0, 0x0000016275c81e00, 0x0000016273d38b90, 0x0000016273d3d3c0,
0x0000016273d3da50, 0x0000016273d3e0e0, 0x0000016273d377e0, 0x0000016273d3ac60,
0x0000016273d3b2f0, 0x0000016273d37150, 0x0000016273d39220, 0x0000016273d398b0,
0x0000016273d3a5d0, 0x0000016273d39f40, 0x0000016273d3c010, 0x0000016273d3c6a0,
0x0000016273d3e770, 0x0000016273d37e70, 0x0000016273d3cd30, 0x0000016273d3b980,
0x0000016273d38500, 0x000001626d87fb20, 0x000001626d881560, 0x00000162740e8ae0
}

Java Threads: ( => current thread )
  0x000001625279bca0 JavaThread "main"                              [_thread_blocked, id=37276, stack(0x0000000ca6d00000,0x0000000ca6e00000) (1024K)]
  0x000001626d3783b0 JavaThread "Reference Handler"          daemon [_thread_blocked, id=34892, stack(0x0000000ca7500000,0x0000000ca7600000) (1024K)]
  0x000001626d37de30 JavaThread "Finalizer"                  daemon [_thread_blocked, id=26332, stack(0x0000000ca7600000,0x0000000ca7700000) (1024K)]
  0x000001626d37ea90 JavaThread "Signal Dispatcher"          daemon [_thread_blocked, id=36428, stack(0x0000000ca7700000,0x0000000ca7800000) (1024K)]
  0x000001626d37f6f0 JavaThread "Attach Listener"            daemon [_thread_blocked, id=23292, stack(0x0000000ca7800000,0x0000000ca7900000) (1024K)]
  0x000001626d383170 JavaThread "Service Thread"             daemon [_thread_blocked, id=37636, stack(0x0000000ca7900000,0x0000000ca7a00000) (1024K)]
  0x000001626d383bd0 JavaThread "Monitor Deflation Thread"   daemon [_thread_blocked, id=24880, stack(0x0000000ca7a00000,0x0000000ca7b00000) (1024K)]
=>0x000001626d386970 JavaThread "C2 CompilerThread0"         daemon [_thread_in_native, id=34600, stack(0x0000000ca7b00000,0x0000000ca7c00000) (1024K)]
  0x000001626d39e630 JavaThread "C1 CompilerThread0"         daemon [_thread_blocked, id=34616, stack(0x0000000ca7c00000,0x0000000ca7d00000) (1024K)]
  0x000001626d572060 JavaThread "Common-Cleaner"             daemon [_thread_blocked, id=23788, stack(0x0000000ca7d00000,0x0000000ca7e00000) (1024K)]
  0x000001626d6d0130 JavaThread "Notification Thread"        daemon [_thread_blocked, id=10316, stack(0x0000000ca7e00000,0x0000000ca7f00000) (1024K)]
  0x00000162733f5550 JavaThread "Daemon health stats"               [_thread_blocked, id=23744, stack(0x0000000ca8400000,0x0000000ca8500000) (1024K)]
  0x0000016272a85340 JavaThread "Incoming local TCP Connector on port 56982"        [_thread_in_native, id=21340, stack(0x0000000ca8500000,0x0000000ca8600000) (1024K)]
  0x0000016272714b10 JavaThread "Daemon periodic checks"            [_thread_blocked, id=17040, stack(0x0000000ca8600000,0x0000000ca8700000) (1024K)]
  0x00000162728c8b70 JavaThread "Daemon"                            [_thread_blocked, id=16576, stack(0x0000000ca8800000,0x0000000ca8900000) (1024K)]
  0x000001627290c170 JavaThread "Handler for socket connection from /127.0.0.1:56982 to /127.0.0.1:56983"        [_thread_in_native, id=20468, stack(0x0000000ca8900000,0x0000000ca8a00000) (1024K)]
  0x000001627290d000 JavaThread "Cancel handler"                    [_thread_blocked, id=35228, stack(0x0000000ca8700000,0x0000000ca8800000) (1024K)]
  0x000001627290d670 JavaThread "Daemon worker"                     [_thread_in_vm, id=8788, stack(0x0000000ca8a00000,0x0000000ca8b00000) (1024K)]
  0x000001626d86dd60 JavaThread "Asynchronous log dispatcher for DefaultDaemonConnection: socket connection from /127.0.0.1:56982 to /127.0.0.1:56983"        [_thread_blocked, id=24128, stack(0x0000000ca8b00000,0x0000000ca8c00000) (1024K)]
  0x000001626d86c9b0 JavaThread "Stdin handler"                     [_thread_blocked, id=27968, stack(0x0000000ca8c00000,0x0000000ca8d00000) (1024K)]
  0x000001626d86e3f0 JavaThread "Daemon client event forwarder"        [_thread_blocked, id=30164, stack(0x0000000ca8d00000,0x0000000ca8e00000) (1024K)]
  0x000001626d86d040 JavaThread "Cache worker for journal cache (C:\Users\hoang\.gradle\caches\journal-1)"        [_thread_blocked, id=7072, stack(0x0000000ca8e00000,0x0000000ca8f00000) (1024K)]
  0x000001626d86d6d0 JavaThread "File lock request listener"        [_thread_in_native, id=8188, stack(0x0000000ca8f00000,0x0000000ca9000000) (1024K)]
  0x000001626d86ea80 JavaThread "File lock release action executor"        [_thread_blocked, id=24264, stack(0x0000000ca9000000,0x0000000ca9100000) (1024K)]
  0x000001626d86f110 JavaThread "Cache worker for file hash cache (C:\Users\hoang\.gradle\caches\8.8\fileHashes)"        [_thread_blocked, id=10136, stack(0x0000000ca9100000,0x0000000ca9200000) (1024K)]
  0x000001626d86c320 JavaThread "Cache worker for file hash cache (C:\Users\hoang\OneDrive\Máy tính\todolist\hct_14\.gradle\8.8\fileHashes)"        [_thread_blocked, id=34056, stack(0x0000000ca9500000,0x0000000ca9600000) (1024K)]
  0x0000016275c803c0 JavaThread "File watcher server"        daemon [_thread_in_native, id=14704, stack(0x0000000ca9600000,0x0000000ca9700000) (1024K)]
  0x0000016275c80a50 JavaThread "File watcher consumer"      daemon [_thread_blocked, id=33368, stack(0x0000000ca9700000,0x0000000ca9800000) (1024K)]
  0x0000016275c83840 JavaThread "Cache worker for checksums cache (C:\Users\hoang\OneDrive\Máy tính\todolist\hct_14\.gradle\8.8\checksums)"        [_thread_blocked, id=25108, stack(0x0000000ca9800000,0x0000000ca9900000) (1024K)]
  0x0000016275c84bf0 JavaThread "Cache worker for file content cache (C:\Users\hoang\.gradle\caches\8.8\fileContent)"        [_thread_blocked, id=29112, stack(0x0000000ca9900000,0x0000000ca9a00000) (1024K)]
  0x0000016275c83ed0 JavaThread "Cache worker for cache directory md-rule (C:\Users\hoang\.gradle\caches\8.8\md-rule)"        [_thread_blocked, id=32368, stack(0x0000000ca9a00000,0x0000000ca9b00000) (1024K)]
  0x0000016275c831b0 JavaThread "Cache worker for cache directory md-supplier (C:\Users\hoang\.gradle\caches\8.8\md-supplier)"        [_thread_blocked, id=26940, stack(0x0000000ca9b00000,0x0000000ca9c00000) (1024K)]
  0x0000016275c85280 JavaThread "jar transforms"                    [_thread_blocked, id=37608, stack(0x0000000ca9c00000,0x0000000ca9d00000) (1024K)]
  0x0000016275c810e0 JavaThread "jar transforms Thread 2"           [_thread_blocked, id=31480, stack(0x0000000ca9d00000,0x0000000ca9e00000) (1024K)]
  0x0000016275c82490 JavaThread "jar transforms Thread 3"           [_thread_blocked, id=29248, stack(0x0000000ca9e00000,0x0000000ca9f00000) (1024K)]
  0x0000016275c7fd30 JavaThread "jar transforms Thread 4"           [_thread_blocked, id=23560, stack(0x0000000ca9f00000,0x0000000caa000000) (1024K)]
  0x0000016275c7f6a0 JavaThread "Cache worker for Build Output Cleanup Cache (C:\Users\hoang\OneDrive\Máy tính\todolist\hct_14\.gradle\buildOutputCleanup)"        [_thread_blocked, id=164, stack(0x0000000caa000000,0x0000000caa100000) (1024K)]
  0x0000016275c81e00 JavaThread "Unconstrained build operations"        [_thread_blocked, id=33028, stack(0x0000000caa100000,0x0000000caa200000) (1024K)]
  0x0000016273d38b90 JavaThread "Unconstrained build operations Thread 2"        [_thread_blocked, id=35948, stack(0x0000000caa200000,0x0000000caa300000) (1024K)]
  0x0000016273d3d3c0 JavaThread "Unconstrained build operations Thread 3"        [_thread_blocked, id=26568, stack(0x0000000caa300000,0x0000000caa400000) (1024K)]
  0x0000016273d3da50 JavaThread "Unconstrained build operations Thread 4"        [_thread_blocked, id=23160, stack(0x0000000caa400000,0x0000000caa500000) (1024K)]
  0x0000016273d3e0e0 JavaThread "Unconstrained build operations Thread 5"        [_thread_blocked, id=10436, stack(0x0000000caa500000,0x0000000caa600000) (1024K)]
  0x0000016273d377e0 JavaThread "Unconstrained build operations Thread 6"        [_thread_blocked, id=13076, stack(0x0000000caa600000,0x0000000caa700000) (1024K)]
  0x0000016273d3ac60 JavaThread "Unconstrained build operations Thread 7"        [_thread_blocked, id=35556, stack(0x0000000caa700000,0x0000000caa800000) (1024K)]
  0x0000016273d3b2f0 JavaThread "Unconstrained build operations Thread 8"        [_thread_blocked, id=35716, stack(0x0000000caa800000,0x0000000caa900000) (1024K)]
  0x0000016273d37150 JavaThread "Unconstrained build operations Thread 9"        [_thread_blocked, id=29868, stack(0x0000000caa900000,0x0000000caaa00000) (1024K)]
  0x0000016273d39220 JavaThread "Unconstrained build operations Thread 10"        [_thread_blocked, id=31420, stack(0x0000000caaa00000,0x0000000caab00000) (1024K)]
  0x0000016273d398b0 JavaThread "Unconstrained build operations Thread 11"        [_thread_blocked, id=24980, stack(0x0000000caab00000,0x0000000caac00000) (1024K)]
  0x0000016273d3a5d0 JavaThread "Unconstrained build operations Thread 12"        [_thread_blocked, id=13652, stack(0x0000000caac00000,0x0000000caad00000) (1024K)]
  0x0000016273d39f40 JavaThread "Unconstrained build operations Thread 13"        [_thread_blocked, id=6696, stack(0x0000000caad00000,0x0000000caae00000) (1024K)]
  0x0000016273d3c010 JavaThread "Unconstrained build operations Thread 14"        [_thread_blocked, id=35764, stack(0x0000000caae00000,0x0000000caaf00000) (1024K)]
  0x0000016273d3c6a0 JavaThread "Unconstrained build operations Thread 15"        [_thread_blocked, id=10016, stack(0x0000000caaf00000,0x0000000cab000000) (1024K)]
  0x0000016273d3e770 JavaThread "Unconstrained build operations Thread 16"        [_thread_blocked, id=1784, stack(0x0000000cab000000,0x0000000cab100000) (1024K)]
  0x0000016273d37e70 JavaThread "Unconstrained build operations Thread 17"        [_thread_blocked, id=30940, stack(0x0000000cab100000,0x0000000cab200000) (1024K)]
  0x0000016273d3cd30 JavaThread "Unconstrained build operations Thread 18"        [_thread_blocked, id=1112, stack(0x0000000cab200000,0x0000000cab300000) (1024K)]
  0x0000016273d3b980 JavaThread "Unconstrained build operations Thread 19"        [_thread_blocked, id=33272, stack(0x0000000cab300000,0x0000000cab400000) (1024K)]
  0x0000016273d38500 JavaThread "Unconstrained build operations Thread 20"        [_thread_blocked, id=29824, stack(0x0000000cab400000,0x0000000cab500000) (1024K)]
  0x000001626d87fb20 JavaThread "Unconstrained build operations Thread 21"        [_thread_blocked, id=13400, stack(0x0000000cab500000,0x0000000cab600000) (1024K)]
  0x000001626d881560 JavaThread "Memory manager"                    [_thread_blocked, id=30144, stack(0x0000000cab700000,0x0000000cab800000) (1024K)]
  0x00000162740e8ae0 JavaThread "C2 CompilerThread1"         daemon [_thread_in_native, id=24456, stack(0x0000000cab600000,0x0000000cab700000) (1024K)]
Total: 60

Other Threads:
  0x000001626d356340 VMThread "VM Thread"                           [id=28176, stack(0x0000000ca7400000,0x0000000ca7500000) (1024K)]
  0x000001626d33ca00 WatcherThread "VM Periodic Task Thread"        [id=35812, stack(0x0000000ca7300000,0x0000000ca7400000) (1024K)]
  0x00000162527c63f0 WorkerThread "GC Thread#0"                     [id=20228, stack(0x0000000ca6e00000,0x0000000ca6f00000) (1024K)]
  0x000001627284c870 WorkerThread "GC Thread#1"                     [id=2348, stack(0x0000000ca7f00000,0x0000000ca8000000) (1024K)]
  0x000001627284d020 WorkerThread "GC Thread#2"                     [id=26132, stack(0x0000000ca8000000,0x0000000ca8100000) (1024K)]
  0x000001627284d3c0 WorkerThread "GC Thread#3"                     [id=25668, stack(0x0000000ca8100000,0x0000000ca8200000) (1024K)]
  0x0000016272741a90 WorkerThread "GC Thread#4"                     [id=23728, stack(0x0000000ca8200000,0x0000000ca8300000) (1024K)]
  0x0000016272741e30 WorkerThread "GC Thread#5"                     [id=27788, stack(0x0000000ca8300000,0x0000000ca8400000) (1024K)]
  0x0000016272bee840 WorkerThread "GC Thread#6"                     [id=8392, stack(0x0000000ca9200000,0x0000000ca9300000) (1024K)]
  0x0000016272becee0 WorkerThread "GC Thread#7"                     [id=3888, stack(0x0000000ca9300000,0x0000000ca9400000) (1024K)]
  0x00000162527cb3d0 ConcurrentGCThread "G1 Main Marker"            [id=17204, stack(0x0000000ca6f00000,0x0000000ca7000000) (1024K)]
  0x00000162527cbed0 WorkerThread "G1 Conc#0"                       [id=28288, stack(0x0000000ca7000000,0x0000000ca7100000) (1024K)]
  0x0000016272bed620 WorkerThread "G1 Conc#1"                       [id=16036, stack(0x0000000ca9400000,0x0000000ca9500000) (1024K)]
  0x000001626d215170 ConcurrentGCThread "G1 Refine#0"               [id=33764, stack(0x0000000ca7100000,0x0000000ca7200000) (1024K)]
  0x000001626d215af0 ConcurrentGCThread "G1 Service"                [id=18016, stack(0x0000000ca7200000,0x0000000ca7300000) (1024K)]
Total: 15

Threads with active compile tasks:
C2 CompilerThread0    51353 6957   !   4       java.security.AccessController::doPrivileged (26 bytes)
C2 CompilerThread1    51353 6984       4       org.gradle.internal.instantiation.generator.AbstractClassGenerator::inspectType (560 bytes)
Total: 2

VM state: not at safepoint (normal execution)

VM Mutex/Monitor currently owned by a thread: None

Heap address: 0x00000000e0000000, size: 512 MB, Compressed Oops mode: 32-bit

CDS archive(s) mapped at: [0x0000016200000000-0x0000016200c90000-0x0000016200c90000), size 13172736, SharedBaseAddress: 0x0000016200000000, ArchiveRelocationMode: 1.
Compressed class space mapped at: 0x0000016201000000-0x0000016215000000, reserved size: 335544320
Narrow klass base: 0x0000016200000000, Narrow klass shift: 0, Narrow klass range: 0x100000000

GC Precious Log:
 CardTable entry size: 512
 Card Set container configuration: InlinePtr #cards 5 size 8 Array Of Cards #cards 12 size 40 Howl #buckets 4 coarsen threshold 1843 Howl Bitmap #cards 512 size 80 coarsen threshold 460 Card regions per heap region 1 cards per card region 2048
 CPUs: 8 total, 8 available
 Memory: 8054M
 Large Page Support: Disabled
 NUMA Support: Disabled
 Compressed Oops: Enabled (32-bit)
 Heap Region Size: 1M
 Heap Min Capacity: 256M
 Heap Initial Capacity: 256M
 Heap Max Capacity: 512M
 Pre-touch: Disabled
 Parallel Workers: 8
 Concurrent Workers: 2
 Concurrent Refinement Workers: 8
 Periodic GC: Disabled

Heap:
 garbage-first heap   total 262144K, used 48084K [0x00000000e0000000, 0x0000000100000000)
  region size 1024K, 20 young (20480K), 17 survivors (17408K)
 Metaspace       used 59472K, committed 61312K, reserved 393216K
  class space    used 8534K, committed 9472K, reserved 327680K

Heap Regions: E=young(eden), S=young(survivor), O=old, HS=humongous(starts), HC=humongous(continues), CS=collection set, F=free, TAMS=top-at-mark-start, PB=parsable bottom
|   0|0x00000000e0000000, 0x00000000e0100000, 0x00000000e0100000|100%|HS|  |TAMS 0x00000000e0000000| PB 0x00000000e0000000| Complete 
|   1|0x00000000e0100000, 0x00000000e0200000, 0x00000000e0200000|100%|HC|  |TAMS 0x00000000e0100000| PB 0x00000000e0100000| Complete 
|   2|0x00000000e0200000, 0x00000000e0300000, 0x00000000e0300000|100%|HC|  |TAMS 0x00000000e0200000| PB 0x00000000e0200000| Complete 
|   3|0x00000000e0300000, 0x00000000e0400000, 0x00000000e0400000|100%|HC|  |TAMS 0x00000000e0300000| PB 0x00000000e0300000| Complete 
|   4|0x00000000e0400000, 0x00000000e0500000, 0x00000000e0500000|100%| O|  |TAMS 0x00000000e0400000| PB 0x00000000e0400000| Untracked 
|   5|0x00000000e0500000, 0x00000000e0600000, 0x00000000e0600000|100%| O|  |TAMS 0x00000000e0500000| PB 0x00000000e0500000| Untracked 
|   6|0x00000000e0600000, 0x00000000e0700000, 0x00000000e0700000|100%| O|  |TAMS 0x00000000e0600000| PB 0x00000000e0600000| Untracked 
|   7|0x00000000e0700000, 0x00000000e0800000, 0x00000000e0800000|100%| O|  |TAMS 0x00000000e0700000| PB 0x00000000e0700000| Untracked 
|   8|0x00000000e0800000, 0x00000000e0900000, 0x00000000e0900000|100%| O|  |TAMS 0x00000000e0800000| PB 0x00000000e0800000| Untracked 
|   9|0x00000000e0900000, 0x00000000e0a00000, 0x00000000e0a00000|100%| O|  |TAMS 0x00000000e0900000| PB 0x00000000e0900000| Untracked 
|  10|0x00000000e0a00000, 0x00000000e0b00000, 0x00000000e0b00000|100%| O|  |TAMS 0x00000000e0a00000| PB 0x00000000e0a00000| Untracked 
|  11|0x00000000e0b00000, 0x00000000e0c00000, 0x00000000e0c00000|100%|HS|  |TAMS 0x00000000e0b00000| PB 0x00000000e0b00000| Complete 
|  12|0x00000000e0c00000, 0x00000000e0d00000, 0x00000000e0d00000|100%| O|  |TAMS 0x00000000e0c00000| PB 0x00000000e0c00000| Untracked 
|  13|0x00000000e0d00000, 0x00000000e0e00000, 0x00000000e0e00000|100%| O|  |TAMS 0x00000000e0d00000| PB 0x00000000e0d00000| Untracked 
|  14|0x00000000e0e00000, 0x00000000e0f00000, 0x00000000e0f00000|100%| O|  |TAMS 0x00000000e0e00000| PB 0x00000000e0e00000| Untracked 
|  15|0x00000000e0f00000, 0x00000000e1000000, 0x00000000e1000000|100%| O|  |TAMS 0x00000000e0f00000| PB 0x00000000e0f00000| Untracked 
|  16|0x00000000e1000000, 0x00000000e1100000, 0x00000000e1100000|100%| O|  |TAMS 0x00000000e1000000| PB 0x00000000e1000000| Untracked 
|  17|0x00000000e1100000, 0x00000000e1200000, 0x00000000e1200000|100%| O|  |TAMS 0x00000000e1100000| PB 0x00000000e1100000| Untracked 
|  18|0x00000000e1200000, 0x00000000e1300000, 0x00000000e1300000|100%| O|  |TAMS 0x00000000e1200000| PB 0x00000000e1200000| Untracked 
|  19|0x00000000e1300000, 0x00000000e1400000, 0x00000000e1400000|100%| O|  |TAMS 0x00000000e1300000| PB 0x00000000e1300000| Untracked 
|  20|0x00000000e1400000, 0x00000000e1500000, 0x00000000e1500000|100%| O|  |TAMS 0x00000000e1400000| PB 0x00000000e1400000| Untracked 
|  21|0x00000000e1500000, 0x00000000e1600000, 0x00000000e1600000|100%| O|  |TAMS 0x00000000e1500000| PB 0x00000000e1500000| Untracked 
|  22|0x00000000e1600000, 0x00000000e1700000, 0x00000000e1700000|100%| O|  |TAMS 0x00000000e1600000| PB 0x00000000e1600000| Untracked 
|  23|0x00000000e1700000, 0x00000000e1700000, 0x00000000e1800000|  0%| F|  |TAMS 0x00000000e1700000| PB 0x00000000e1700000| Untracked 
|  24|0x00000000e1800000, 0x00000000e1900000, 0x00000000e1900000|100%| O|  |TAMS 0x00000000e1800000| PB 0x00000000e1800000| Untracked 
|  25|0x00000000e1900000, 0x00000000e1a00000, 0x00000000e1a00000|100%| O|  |TAMS 0x00000000e1900000| PB 0x00000000e1900000| Untracked 
|  26|0x00000000e1a00000, 0x00000000e1b00000, 0x00000000e1b00000|100%| O|  |TAMS 0x00000000e1a00000| PB 0x00000000e1a00000| Untracked 
|  27|0x00000000e1b00000, 0x00000000e1c00000, 0x00000000e1c00000|100%| O|  |TAMS 0x00000000e1b00000| PB 0x00000000e1b00000| Untracked 
|  28|0x00000000e1c00000, 0x00000000e1d00000, 0x00000000e1d00000|100%| O|  |TAMS 0x00000000e1c00000| PB 0x00000000e1c00000| Untracked 
|  29|0x00000000e1d00000, 0x00000000e1daf8c0, 0x00000000e1e00000| 68%| O|  |TAMS 0x00000000e1d00000| PB 0x00000000e1d00000| Untracked 
|  30|0x00000000e1e00000, 0x00000000e1e00000, 0x00000000e1f00000|  0%| F|  |TAMS 0x00000000e1e00000| PB 0x00000000e1e00000| Untracked 
|  31|0x00000000e1f00000, 0x00000000e1f00000, 0x00000000e2000000|  0%| F|  |TAMS 0x00000000e1f00000| PB 0x00000000e1f00000| Untracked 
|  32|0x00000000e2000000, 0x00000000e2000000, 0x00000000e2100000|  0%| F|  |TAMS 0x00000000e2000000| PB 0x00000000e2000000| Untracked 
|  33|0x00000000e2100000, 0x00000000e2100000, 0x00000000e2200000|  0%| F|  |TAMS 0x00000000e2100000| PB 0x00000000e2100000| Untracked 
|  34|0x00000000e2200000, 0x00000000e2200000, 0x00000000e2300000|  0%| F|  |TAMS 0x00000000e2200000| PB 0x00000000e2200000| Untracked 
|  35|0x00000000e2300000, 0x00000000e2300000, 0x00000000e2400000|  0%| F|  |TAMS 0x00000000e2300000| PB 0x00000000e2300000| Untracked 
|  36|0x00000000e2400000, 0x00000000e2400000, 0x00000000e2500000|  0%| F|  |TAMS 0x00000000e2400000| PB 0x00000000e2400000| Untracked 
|  37|0x00000000e2500000, 0x00000000e2500000, 0x00000000e2600000|  0%| F|  |TAMS 0x00000000e2500000| PB 0x00000000e2500000| Untracked 
|  38|0x00000000e2600000, 0x00000000e2600000, 0x00000000e2700000|  0%| F|  |TAMS 0x00000000e2600000| PB 0x00000000e2600000| Untracked 
|  39|0x00000000e2700000, 0x00000000e2700000, 0x00000000e2800000|  0%| F|  |TAMS 0x00000000e2700000| PB 0x00000000e2700000| Untracked 
|  40|0x00000000e2800000, 0x00000000e2800000, 0x00000000e2900000|  0%| F|  |TAMS 0x00000000e2800000| PB 0x00000000e2800000| Untracked 
|  41|0x00000000e2900000, 0x00000000e2900000, 0x00000000e2a00000|  0%| F|  |TAMS 0x00000000e2900000| PB 0x00000000e2900000| Untracked 
|  42|0x00000000e2a00000, 0x00000000e2a00000, 0x00000000e2b00000|  0%| F|  |TAMS 0x00000000e2a00000| PB 0x00000000e2a00000| Untracked 
|  43|0x00000000e2b00000, 0x00000000e2b00000, 0x00000000e2c00000|  0%| F|  |TAMS 0x00000000e2b00000| PB 0x00000000e2b00000| Untracked 
|  44|0x00000000e2c00000, 0x00000000e2c00000, 0x00000000e2d00000|  0%| F|  |TAMS 0x00000000e2c00000| PB 0x00000000e2c00000| Untracked 
|  45|0x00000000e2d00000, 0x00000000e2d00000, 0x00000000e2e00000|  0%| F|  |TAMS 0x00000000e2d00000| PB 0x00000000e2d00000| Untracked 
|  46|0x00000000e2e00000, 0x00000000e2e00000, 0x00000000e2f00000|  0%| F|  |TAMS 0x00000000e2e00000| PB 0x00000000e2e00000| Untracked 
|  47|0x00000000e2f00000, 0x00000000e2f00000, 0x00000000e3000000|  0%| F|  |TAMS 0x00000000e2f00000| PB 0x00000000e2f00000| Untracked 
|  48|0x00000000e3000000, 0x00000000e3000000, 0x00000000e3100000|  0%| F|  |TAMS 0x00000000e3000000| PB 0x00000000e3000000| Untracked 
|  49|0x00000000e3100000, 0x00000000e3100000, 0x00000000e3200000|  0%| F|  |TAMS 0x00000000e3100000| PB 0x00000000e3100000| Untracked 
|  50|0x00000000e3200000, 0x00000000e3200000, 0x00000000e3300000|  0%| F|  |TAMS 0x00000000e3200000| PB 0x00000000e3200000| Untracked 
|  51|0x00000000e3300000, 0x00000000e3300000, 0x00000000e3400000|  0%| F|  |TAMS 0x00000000e3300000| PB 0x00000000e3300000| Untracked 
|  52|0x00000000e3400000, 0x00000000e3400000, 0x00000000e3500000|  0%| F|  |TAMS 0x00000000e3400000| PB 0x00000000e3400000| Untracked 
|  53|0x00000000e3500000, 0x00000000e3500000, 0x00000000e3600000|  0%| F|  |TAMS 0x00000000e3500000| PB 0x00000000e3500000| Untracked 
|  54|0x00000000e3600000, 0x00000000e3600000, 0x00000000e3700000|  0%| F|  |TAMS 0x00000000e3600000| PB 0x00000000e3600000| Untracked 
|  55|0x00000000e3700000, 0x00000000e3700000, 0x00000000e3800000|  0%| F|  |TAMS 0x00000000e3700000| PB 0x00000000e3700000| Untracked 
|  56|0x00000000e3800000, 0x00000000e3800000, 0x00000000e3900000|  0%| F|  |TAMS 0x00000000e3800000| PB 0x00000000e3800000| Untracked 
|  57|0x00000000e3900000, 0x00000000e3900000, 0x00000000e3a00000|  0%| F|  |TAMS 0x00000000e3900000| PB 0x00000000e3900000| Untracked 
|  58|0x00000000e3a00000, 0x00000000e3a00000, 0x00000000e3b00000|  0%| F|  |TAMS 0x00000000e3a00000| PB 0x00000000e3a00000| Untracked 
|  59|0x00000000e3b00000, 0x00000000e3b00000, 0x00000000e3c00000|  0%| F|  |TAMS 0x00000000e3b00000| PB 0x00000000e3b00000| Untracked 
|  60|0x00000000e3c00000, 0x00000000e3c00000, 0x00000000e3d00000|  0%| F|  |TAMS 0x00000000e3c00000| PB 0x00000000e3c00000| Untracked 
|  61|0x00000000e3d00000, 0x00000000e3d00000, 0x00000000e3e00000|  0%| F|  |TAMS 0x00000000e3d00000| PB 0x00000000e3d00000| Untracked 
|  62|0x00000000e3e00000, 0x00000000e3e00000, 0x00000000e3f00000|  0%| F|  |TAMS 0x00000000e3e00000| PB 0x00000000e3e00000| Untracked 
|  63|0x00000000e3f00000, 0x00000000e3f00000, 0x00000000e4000000|  0%| F|  |TAMS 0x00000000e3f00000| PB 0x00000000e3f00000| Untracked 
|  64|0x00000000e4000000, 0x00000000e4000000, 0x00000000e4100000|  0%| F|  |TAMS 0x00000000e4000000| PB 0x00000000e4000000| Untracked 
|  65|0x00000000e4100000, 0x00000000e4100000, 0x00000000e4200000|  0%| F|  |TAMS 0x00000000e4100000| PB 0x00000000e4100000| Untracked 
|  66|0x00000000e4200000, 0x00000000e4200000, 0x00000000e4300000|  0%| F|  |TAMS 0x00000000e4200000| PB 0x00000000e4200000| Untracked 
|  67|0x00000000e4300000, 0x00000000e4300000, 0x00000000e4400000|  0%| F|  |TAMS 0x00000000e4300000| PB 0x00000000e4300000| Untracked 
|  68|0x00000000e4400000, 0x00000000e4400000, 0x00000000e4500000|  0%| F|  |TAMS 0x00000000e4400000| PB 0x00000000e4400000| Untracked 
|  69|0x00000000e4500000, 0x00000000e4500000, 0x00000000e4600000|  0%| F|  |TAMS 0x00000000e4500000| PB 0x00000000e4500000| Untracked 
|  70|0x00000000e4600000, 0x00000000e4600000, 0x00000000e4700000|  0%| F|  |TAMS 0x00000000e4600000| PB 0x00000000e4600000| Untracked 
|  71|0x00000000e4700000, 0x00000000e4700000, 0x00000000e4800000|  0%| F|  |TAMS 0x00000000e4700000| PB 0x00000000e4700000| Untracked 
|  72|0x00000000e4800000, 0x00000000e4800000, 0x00000000e4900000|  0%| F|  |TAMS 0x00000000e4800000| PB 0x00000000e4800000| Untracked 
|  73|0x00000000e4900000, 0x00000000e4900000, 0x00000000e4a00000|  0%| F|  |TAMS 0x00000000e4900000| PB 0x00000000e4900000| Untracked 
|  74|0x00000000e4a00000, 0x00000000e4a00000, 0x00000000e4b00000|  0%| F|  |TAMS 0x00000000e4a00000| PB 0x00000000e4a00000| Untracked 
|  75|0x00000000e4b00000, 0x00000000e4b00000, 0x00000000e4c00000|  0%| F|  |TAMS 0x00000000e4b00000| PB 0x00000000e4b00000| Untracked 
|  76|0x00000000e4c00000, 0x00000000e4c00000, 0x00000000e4d00000|  0%| F|  |TAMS 0x00000000e4c00000| PB 0x00000000e4c00000| Untracked 
|  77|0x00000000e4d00000, 0x00000000e4d00000, 0x00000000e4e00000|  0%| F|  |TAMS 0x00000000e4d00000| PB 0x00000000e4d00000| Untracked 
|  78|0x00000000e4e00000, 0x00000000e4e00000, 0x00000000e4f00000|  0%| F|  |TAMS 0x00000000e4e00000| PB 0x00000000e4e00000| Untracked 
|  79|0x00000000e4f00000, 0x00000000e4f00000, 0x00000000e5000000|  0%| F|  |TAMS 0x00000000e4f00000| PB 0x00000000e4f00000| Untracked 
|  80|0x00000000e5000000, 0x00000000e5000000, 0x00000000e5100000|  0%| F|  |TAMS 0x00000000e5000000| PB 0x00000000e5000000| Untracked 
|  81|0x00000000e5100000, 0x00000000e5100000, 0x00000000e5200000|  0%| F|  |TAMS 0x00000000e5100000| PB 0x00000000e5100000| Untracked 
|  82|0x00000000e5200000, 0x00000000e5200000, 0x00000000e5300000|  0%| F|  |TAMS 0x00000000e5200000| PB 0x00000000e5200000| Untracked 
|  83|0x00000000e5300000, 0x00000000e5300000, 0x00000000e5400000|  0%| F|  |TAMS 0x00000000e5300000| PB 0x00000000e5300000| Untracked 
|  84|0x00000000e5400000, 0x00000000e5400000, 0x00000000e5500000|  0%| F|  |TAMS 0x00000000e5400000| PB 0x00000000e5400000| Untracked 
|  85|0x00000000e5500000, 0x00000000e5500000, 0x00000000e5600000|  0%| F|  |TAMS 0x00000000e5500000| PB 0x00000000e5500000| Untracked 
|  86|0x00000000e5600000, 0x00000000e5600000, 0x00000000e5700000|  0%| F|  |TAMS 0x00000000e5600000| PB 0x00000000e5600000| Untracked 
|  87|0x00000000e5700000, 0x00000000e5700000, 0x00000000e5800000|  0%| F|  |TAMS 0x00000000e5700000| PB 0x00000000e5700000| Untracked 
|  88|0x00000000e5800000, 0x00000000e5800000, 0x00000000e5900000|  0%| F|  |TAMS 0x00000000e5800000| PB 0x00000000e5800000| Untracked 
|  89|0x00000000e5900000, 0x00000000e5900000, 0x00000000e5a00000|  0%| F|  |TAMS 0x00000000e5900000| PB 0x00000000e5900000| Untracked 
|  90|0x00000000e5a00000, 0x00000000e5a00000, 0x00000000e5b00000|  0%| F|  |TAMS 0x00000000e5a00000| PB 0x00000000e5a00000| Untracked 
|  91|0x00000000e5b00000, 0x00000000e5b00000, 0x00000000e5c00000|  0%| F|  |TAMS 0x00000000e5b00000| PB 0x00000000e5b00000| Untracked 
|  92|0x00000000e5c00000, 0x00000000e5c00000, 0x00000000e5d00000|  0%| F|  |TAMS 0x00000000e5c00000| PB 0x00000000e5c00000| Untracked 
|  93|0x00000000e5d00000, 0x00000000e5d00000, 0x00000000e5e00000|  0%| F|  |TAMS 0x00000000e5d00000| PB 0x00000000e5d00000| Untracked 
|  94|0x00000000e5e00000, 0x00000000e5e00000, 0x00000000e5f00000|  0%| F|  |TAMS 0x00000000e5e00000| PB 0x00000000e5e00000| Untracked 
|  95|0x00000000e5f00000, 0x00000000e5f00000, 0x00000000e6000000|  0%| F|  |TAMS 0x00000000e5f00000| PB 0x00000000e5f00000| Untracked 
|  96|0x00000000e6000000, 0x00000000e6000000, 0x00000000e6100000|  0%| F|  |TAMS 0x00000000e6000000| PB 0x00000000e6000000| Untracked 
|  97|0x00000000e6100000, 0x00000000e6100000, 0x00000000e6200000|  0%| F|  |TAMS 0x00000000e6100000| PB 0x00000000e6100000| Untracked 
|  98|0x00000000e6200000, 0x00000000e6200000, 0x00000000e6300000|  0%| F|  |TAMS 0x00000000e6200000| PB 0x00000000e6200000| Untracked 
|  99|0x00000000e6300000, 0x00000000e6300000, 0x00000000e6400000|  0%| F|  |TAMS 0x00000000e6300000| PB 0x00000000e6300000| Untracked 
| 100|0x00000000e6400000, 0x00000000e6400000, 0x00000000e6500000|  0%| F|  |TAMS 0x00000000e6400000| PB 0x00000000e6400000| Untracked 
| 101|0x00000000e6500000, 0x00000000e6500000, 0x00000000e6600000|  0%| F|  |TAMS 0x00000000e6500000| PB 0x00000000e6500000| Untracked 
| 102|0x00000000e6600000, 0x00000000e6600000, 0x00000000e6700000|  0%| F|  |TAMS 0x00000000e6600000| PB 0x00000000e6600000| Untracked 
| 103|0x00000000e6700000, 0x00000000e6700000, 0x00000000e6800000|  0%| F|  |TAMS 0x00000000e6700000| PB 0x00000000e6700000| Untracked 
| 104|0x00000000e6800000, 0x00000000e6800000, 0x00000000e6900000|  0%| F|  |TAMS 0x00000000e6800000| PB 0x00000000e6800000| Untracked 
| 105|0x00000000e6900000, 0x00000000e6900000, 0x00000000e6a00000|  0%| F|  |TAMS 0x00000000e6900000| PB 0x00000000e6900000| Untracked 
| 106|0x00000000e6a00000, 0x00000000e6a00000, 0x00000000e6b00000|  0%| F|  |TAMS 0x00000000e6a00000| PB 0x00000000e6a00000| Untracked 
| 107|0x00000000e6b00000, 0x00000000e6b00000, 0x00000000e6c00000|  0%| F|  |TAMS 0x00000000e6b00000| PB 0x00000000e6b00000| Untracked 
| 108|0x00000000e6c00000, 0x00000000e6c00000, 0x00000000e6d00000|  0%| F|  |TAMS 0x00000000e6c00000| PB 0x00000000e6c00000| Untracked 
| 109|0x00000000e6d00000, 0x00000000e6d00000, 0x00000000e6e00000|  0%| F|  |TAMS 0x00000000e6d00000| PB 0x00000000e6d00000| Untracked 
| 110|0x00000000e6e00000, 0x00000000e6e00000, 0x00000000e6f00000|  0%| F|  |TAMS 0x00000000e6e00000| PB 0x00000000e6e00000| Untracked 
| 111|0x00000000e6f00000, 0x00000000e6f00000, 0x00000000e7000000|  0%| F|  |TAMS 0x00000000e6f00000| PB 0x00000000e6f00000| Untracked 
| 112|0x00000000e7000000, 0x00000000e7000000, 0x00000000e7100000|  0%| F|  |TAMS 0x00000000e7000000| PB 0x00000000e7000000| Untracked 
| 113|0x00000000e7100000, 0x00000000e7100000, 0x00000000e7200000|  0%| F|  |TAMS 0x00000000e7100000| PB 0x00000000e7100000| Untracked 
| 114|0x00000000e7200000, 0x00000000e7200000, 0x00000000e7300000|  0%| F|  |TAMS 0x00000000e7200000| PB 0x00000000e7200000| Untracked 
| 115|0x00000000e7300000, 0x00000000e7300000, 0x00000000e7400000|  0%| F|  |TAMS 0x00000000e7300000| PB 0x00000000e7300000| Untracked 
| 116|0x00000000e7400000, 0x00000000e7400000, 0x00000000e7500000|  0%| F|  |TAMS 0x00000000e7400000| PB 0x00000000e7400000| Untracked 
| 117|0x00000000e7500000, 0x00000000e7500000, 0x00000000e7600000|  0%| F|  |TAMS 0x00000000e7500000| PB 0x00000000e7500000| Untracked 
| 118|0x00000000e7600000, 0x00000000e7600000, 0x00000000e7700000|  0%| F|  |TAMS 0x00000000e7600000| PB 0x00000000e7600000| Untracked 
| 119|0x00000000e7700000, 0x00000000e7700000, 0x00000000e7800000|  0%| F|  |TAMS 0x00000000e7700000| PB 0x00000000e7700000| Untracked 
| 120|0x00000000e7800000, 0x00000000e7800000, 0x00000000e7900000|  0%| F|  |TAMS 0x00000000e7800000| PB 0x00000000e7800000| Untracked 
| 121|0x00000000e7900000, 0x00000000e79458b8, 0x00000000e7a00000| 27%| S|CS|TAMS 0x00000000e7900000| PB 0x00000000e7900000| Complete 
| 122|0x00000000e7a00000, 0x00000000e7b00000, 0x00000000e7b00000|100%| S|CS|TAMS 0x00000000e7a00000| PB 0x00000000e7a00000| Complete 
| 123|0x00000000e7b00000, 0x00000000e7c00000, 0x00000000e7c00000|100%| S|CS|TAMS 0x00000000e7b00000| PB 0x00000000e7b00000| Complete 
| 124|0x00000000e7c00000, 0x00000000e7d00000, 0x00000000e7d00000|100%| S|CS|TAMS 0x00000000e7c00000| PB 0x00000000e7c00000| Complete 
| 125|0x00000000e7d00000, 0x00000000e7e00000, 0x00000000e7e00000|100%| S|CS|TAMS 0x00000000e7d00000| PB 0x00000000e7d00000| Complete 
| 126|0x00000000e7e00000, 0x00000000e7f00000, 0x00000000e7f00000|100%| S|CS|TAMS 0x00000000e7e00000| PB 0x00000000e7e00000| Complete 
| 127|0x00000000e7f00000, 0x00000000e8000000, 0x00000000e8000000|100%| S|CS|TAMS 0x00000000e7f00000| PB 0x00000000e7f00000| Complete 
| 128|0x00000000e8000000, 0x00000000e8100000, 0x00000000e8100000|100%| S|CS|TAMS 0x00000000e8000000| PB 0x00000000e8000000| Complete 
| 129|0x00000000e8100000, 0x00000000e8200000, 0x00000000e8200000|100%| S|CS|TAMS 0x00000000e8100000| PB 0x00000000e8100000| Complete 
| 130|0x00000000e8200000, 0x00000000e8300000, 0x00000000e8300000|100%| S|CS|TAMS 0x00000000e8200000| PB 0x00000000e8200000| Complete 
| 131|0x00000000e8300000, 0x00000000e8400000, 0x00000000e8400000|100%| S|CS|TAMS 0x00000000e8300000| PB 0x00000000e8300000| Complete 
| 132|0x00000000e8400000, 0x00000000e8500000, 0x00000000e8500000|100%| S|CS|TAMS 0x00000000e8400000| PB 0x00000000e8400000| Complete 
| 133|0x00000000e8500000, 0x00000000e8600000, 0x00000000e8600000|100%| S|CS|TAMS 0x00000000e8500000| PB 0x00000000e8500000| Complete 
| 134|0x00000000e8600000, 0x00000000e8700000, 0x00000000e8700000|100%| S|CS|TAMS 0x00000000e8600000| PB 0x00000000e8600000| Complete 
| 135|0x00000000e8700000, 0x00000000e8800000, 0x00000000e8800000|100%| S|CS|TAMS 0x00000000e8700000| PB 0x00000000e8700000| Complete 
| 136|0x00000000e8800000, 0x00000000e8900000, 0x00000000e8900000|100%| S|CS|TAMS 0x00000000e8800000| PB 0x00000000e8800000| Complete 
| 137|0x00000000e8900000, 0x00000000e8a00000, 0x00000000e8a00000|100%| S|CS|TAMS 0x00000000e8900000| PB 0x00000000e8900000| Complete 
| 138|0x00000000e8a00000, 0x00000000e8a00000, 0x00000000e8b00000|  0%| F|  |TAMS 0x00000000e8a00000| PB 0x00000000e8a00000| Untracked 
| 139|0x00000000e8b00000, 0x00000000e8b00000, 0x00000000e8c00000|  0%| F|  |TAMS 0x00000000e8b00000| PB 0x00000000e8b00000| Untracked 
| 140|0x00000000e8c00000, 0x00000000e8c00000, 0x00000000e8d00000|  0%| F|  |TAMS 0x00000000e8c00000| PB 0x00000000e8c00000| Untracked 
| 141|0x00000000e8d00000, 0x00000000e8d00000, 0x00000000e8e00000|  0%| F|  |TAMS 0x00000000e8d00000| PB 0x00000000e8d00000| Untracked 
| 142|0x00000000e8e00000, 0x00000000e8e00000, 0x00000000e8f00000|  0%| F|  |TAMS 0x00000000e8e00000| PB 0x00000000e8e00000| Untracked 
| 143|0x00000000e8f00000, 0x00000000e8f00000, 0x00000000e9000000|  0%| F|  |TAMS 0x00000000e8f00000| PB 0x00000000e8f00000| Untracked 
| 144|0x00000000e9000000, 0x00000000e9000000, 0x00000000e9100000|  0%| F|  |TAMS 0x00000000e9000000| PB 0x00000000e9000000| Untracked 
| 145|0x00000000e9100000, 0x00000000e9100000, 0x00000000e9200000|  0%| F|  |TAMS 0x00000000e9100000| PB 0x00000000e9100000| Untracked 
| 146|0x00000000e9200000, 0x00000000e9200000, 0x00000000e9300000|  0%| F|  |TAMS 0x00000000e9200000| PB 0x00000000e9200000| Untracked 
| 147|0x00000000e9300000, 0x00000000e9300000, 0x00000000e9400000|  0%| F|  |TAMS 0x00000000e9300000| PB 0x00000000e9300000| Untracked 
| 148|0x00000000e9400000, 0x00000000e9400000, 0x00000000e9500000|  0%| F|  |TAMS 0x00000000e9400000| PB 0x00000000e9400000| Untracked 
| 149|0x00000000e9500000, 0x00000000e9500000, 0x00000000e9600000|  0%| F|  |TAMS 0x00000000e9500000| PB 0x00000000e9500000| Untracked 
| 150|0x00000000e9600000, 0x00000000e9600000, 0x00000000e9700000|  0%| F|  |TAMS 0x00000000e9600000| PB 0x00000000e9600000| Untracked 
| 151|0x00000000e9700000, 0x00000000e9700000, 0x00000000e9800000|  0%| F|  |TAMS 0x00000000e9700000| PB 0x00000000e9700000| Untracked 
| 152|0x00000000e9800000, 0x00000000e9800000, 0x00000000e9900000|  0%| F|  |TAMS 0x00000000e9800000| PB 0x00000000e9800000| Untracked 
| 153|0x00000000e9900000, 0x00000000e9900000, 0x00000000e9a00000|  0%| F|  |TAMS 0x00000000e9900000| PB 0x00000000e9900000| Untracked 
| 154|0x00000000e9a00000, 0x00000000e9a00000, 0x00000000e9b00000|  0%| F|  |TAMS 0x00000000e9a00000| PB 0x00000000e9a00000| Untracked 
| 155|0x00000000e9b00000, 0x00000000e9b00000, 0x00000000e9c00000|  0%| F|  |TAMS 0x00000000e9b00000| PB 0x00000000e9b00000| Untracked 
| 156|0x00000000e9c00000, 0x00000000e9c00000, 0x00000000e9d00000|  0%| F|  |TAMS 0x00000000e9c00000| PB 0x00000000e9c00000| Untracked 
| 157|0x00000000e9d00000, 0x00000000e9d00000, 0x00000000e9e00000|  0%| F|  |TAMS 0x00000000e9d00000| PB 0x00000000e9d00000| Untracked 
| 158|0x00000000e9e00000, 0x00000000e9e00000, 0x00000000e9f00000|  0%| F|  |TAMS 0x00000000e9e00000| PB 0x00000000e9e00000| Untracked 
| 159|0x00000000e9f00000, 0x00000000e9f00000, 0x00000000ea000000|  0%| F|  |TAMS 0x00000000e9f00000| PB 0x00000000e9f00000| Untracked 
| 160|0x00000000ea000000, 0x00000000ea000000, 0x00000000ea100000|  0%| F|  |TAMS 0x00000000ea000000| PB 0x00000000ea000000| Untracked 
| 161|0x00000000ea100000, 0x00000000ea100000, 0x00000000ea200000|  0%| F|  |TAMS 0x00000000ea100000| PB 0x00000000ea100000| Untracked 
| 162|0x00000000ea200000, 0x00000000ea200000, 0x00000000ea300000|  0%| F|  |TAMS 0x00000000ea200000| PB 0x00000000ea200000| Untracked 
| 163|0x00000000ea300000, 0x00000000ea300000, 0x00000000ea400000|  0%| F|  |TAMS 0x00000000ea300000| PB 0x00000000ea300000| Untracked 
| 164|0x00000000ea400000, 0x00000000ea400000, 0x00000000ea500000|  0%| F|  |TAMS 0x00000000ea400000| PB 0x00000000ea400000| Untracked 
| 165|0x00000000ea500000, 0x00000000ea500000, 0x00000000ea600000|  0%| F|  |TAMS 0x00000000ea500000| PB 0x00000000ea500000| Untracked 
| 166|0x00000000ea600000, 0x00000000ea600000, 0x00000000ea700000|  0%| F|  |TAMS 0x00000000ea600000| PB 0x00000000ea600000| Untracked 
| 167|0x00000000ea700000, 0x00000000ea700000, 0x00000000ea800000|  0%| F|  |TAMS 0x00000000ea700000| PB 0x00000000ea700000| Untracked 
| 168|0x00000000ea800000, 0x00000000ea800000, 0x00000000ea900000|  0%| F|  |TAMS 0x00000000ea800000| PB 0x00000000ea800000| Untracked 
| 169|0x00000000ea900000, 0x00000000ea900000, 0x00000000eaa00000|  0%| F|  |TAMS 0x00000000ea900000| PB 0x00000000ea900000| Untracked 
| 170|0x00000000eaa00000, 0x00000000eaa00000, 0x00000000eab00000|  0%| F|  |TAMS 0x00000000eaa00000| PB 0x00000000eaa00000| Untracked 
| 171|0x00000000eab00000, 0x00000000eab00000, 0x00000000eac00000|  0%| F|  |TAMS 0x00000000eab00000| PB 0x00000000eab00000| Untracked 
| 172|0x00000000eac00000, 0x00000000eac00000, 0x00000000ead00000|  0%| F|  |TAMS 0x00000000eac00000| PB 0x00000000eac00000| Untracked 
| 173|0x00000000ead00000, 0x00000000ead00000, 0x00000000eae00000|  0%| F|  |TAMS 0x00000000ead00000| PB 0x00000000ead00000| Untracked 
| 174|0x00000000eae00000, 0x00000000eae00000, 0x00000000eaf00000|  0%| F|  |TAMS 0x00000000eae00000| PB 0x00000000eae00000| Untracked 
| 175|0x00000000eaf00000, 0x00000000eaf00000, 0x00000000eb000000|  0%| F|  |TAMS 0x00000000eaf00000| PB 0x00000000eaf00000| Untracked 
| 176|0x00000000eb000000, 0x00000000eb000000, 0x00000000eb100000|  0%| F|  |TAMS 0x00000000eb000000| PB 0x00000000eb000000| Untracked 
| 177|0x00000000eb100000, 0x00000000eb100000, 0x00000000eb200000|  0%| F|  |TAMS 0x00000000eb100000| PB 0x00000000eb100000| Untracked 
| 178|0x00000000eb200000, 0x00000000eb200000, 0x00000000eb300000|  0%| F|  |TAMS 0x00000000eb200000| PB 0x00000000eb200000| Untracked 
| 179|0x00000000eb300000, 0x00000000eb300000, 0x00000000eb400000|  0%| F|  |TAMS 0x00000000eb300000| PB 0x00000000eb300000| Untracked 
| 180|0x00000000eb400000, 0x00000000eb400000, 0x00000000eb500000|  0%| F|  |TAMS 0x00000000eb400000| PB 0x00000000eb400000| Untracked 
| 181|0x00000000eb500000, 0x00000000eb500000, 0x00000000eb600000|  0%| F|  |TAMS 0x00000000eb500000| PB 0x00000000eb500000| Untracked 
| 182|0x00000000eb600000, 0x00000000eb600000, 0x00000000eb700000|  0%| F|  |TAMS 0x00000000eb600000| PB 0x00000000eb600000| Untracked 
| 183|0x00000000eb700000, 0x00000000eb700000, 0x00000000eb800000|  0%| F|  |TAMS 0x00000000eb700000| PB 0x00000000eb700000| Untracked 
| 184|0x00000000eb800000, 0x00000000eb800000, 0x00000000eb900000|  0%| F|  |TAMS 0x00000000eb800000| PB 0x00000000eb800000| Untracked 
| 185|0x00000000eb900000, 0x00000000eb900000, 0x00000000eba00000|  0%| F|  |TAMS 0x00000000eb900000| PB 0x00000000eb900000| Untracked 
| 186|0x00000000eba00000, 0x00000000eba00000, 0x00000000ebb00000|  0%| F|  |TAMS 0x00000000eba00000| PB 0x00000000eba00000| Untracked 
| 187|0x00000000ebb00000, 0x00000000ebb00000, 0x00000000ebc00000|  0%| F|  |TAMS 0x00000000ebb00000| PB 0x00000000ebb00000| Untracked 
| 188|0x00000000ebc00000, 0x00000000ebc00000, 0x00000000ebd00000|  0%| F|  |TAMS 0x00000000ebc00000| PB 0x00000000ebc00000| Untracked 
| 189|0x00000000ebd00000, 0x00000000ebd00000, 0x00000000ebe00000|  0%| F|  |TAMS 0x00000000ebd00000| PB 0x00000000ebd00000| Untracked 
| 190|0x00000000ebe00000, 0x00000000ebe00000, 0x00000000ebf00000|  0%| F|  |TAMS 0x00000000ebe00000| PB 0x00000000ebe00000| Untracked 
| 191|0x00000000ebf00000, 0x00000000ebf00000, 0x00000000ec000000|  0%| F|  |TAMS 0x00000000ebf00000| PB 0x00000000ebf00000| Untracked 
| 192|0x00000000ec000000, 0x00000000ec000000, 0x00000000ec100000|  0%| F|  |TAMS 0x00000000ec000000| PB 0x00000000ec000000| Untracked 
| 193|0x00000000ec100000, 0x00000000ec100000, 0x00000000ec200000|  0%| F|  |TAMS 0x00000000ec100000| PB 0x00000000ec100000| Untracked 
| 194|0x00000000ec200000, 0x00000000ec200000, 0x00000000ec300000|  0%| F|  |TAMS 0x00000000ec200000| PB 0x00000000ec200000| Untracked 
| 195|0x00000000ec300000, 0x00000000ec300000, 0x00000000ec400000|  0%| F|  |TAMS 0x00000000ec300000| PB 0x00000000ec300000| Untracked 
| 196|0x00000000ec400000, 0x00000000ec400000, 0x00000000ec500000|  0%| F|  |TAMS 0x00000000ec400000| PB 0x00000000ec400000| Untracked 
| 197|0x00000000ec500000, 0x00000000ec500000, 0x00000000ec600000|  0%| F|  |TAMS 0x00000000ec500000| PB 0x00000000ec500000| Untracked 
| 198|0x00000000ec600000, 0x00000000ec600000, 0x00000000ec700000|  0%| F|  |TAMS 0x00000000ec600000| PB 0x00000000ec600000| Untracked 
| 199|0x00000000ec700000, 0x00000000ec700000, 0x00000000ec800000|  0%| F|  |TAMS 0x00000000ec700000| PB 0x00000000ec700000| Untracked 
| 200|0x00000000ec800000, 0x00000000ec800000, 0x00000000ec900000|  0%| F|  |TAMS 0x00000000ec800000| PB 0x00000000ec800000| Untracked 
| 201|0x00000000ec900000, 0x00000000ec900000, 0x00000000eca00000|  0%| F|  |TAMS 0x00000000ec900000| PB 0x00000000ec900000| Untracked 
| 202|0x00000000eca00000, 0x00000000eca00000, 0x00000000ecb00000|  0%| F|  |TAMS 0x00000000eca00000| PB 0x00000000eca00000| Untracked 
| 203|0x00000000ecb00000, 0x00000000ecb00000, 0x00000000ecc00000|  0%| F|  |TAMS 0x00000000ecb00000| PB 0x00000000ecb00000| Untracked 
| 204|0x00000000ecc00000, 0x00000000ecc00000, 0x00000000ecd00000|  0%| F|  |TAMS 0x00000000ecc00000| PB 0x00000000ecc00000| Untracked 
| 205|0x00000000ecd00000, 0x00000000ecd00000, 0x00000000ece00000|  0%| F|  |TAMS 0x00000000ecd00000| PB 0x00000000ecd00000| Untracked 
| 206|0x00000000ece00000, 0x00000000ece00000, 0x00000000ecf00000|  0%| F|  |TAMS 0x00000000ece00000| PB 0x00000000ece00000| Untracked 
| 207|0x00000000ecf00000, 0x00000000ecf00000, 0x00000000ed000000|  0%| F|  |TAMS 0x00000000ecf00000| PB 0x00000000ecf00000| Untracked 
| 208|0x00000000ed000000, 0x00000000ed000000, 0x00000000ed100000|  0%| F|  |TAMS 0x00000000ed000000| PB 0x00000000ed000000| Untracked 
| 209|0x00000000ed100000, 0x00000000ed100000, 0x00000000ed200000|  0%| F|  |TAMS 0x00000000ed100000| PB 0x00000000ed100000| Untracked 
| 210|0x00000000ed200000, 0x00000000ed200000, 0x00000000ed300000|  0%| F|  |TAMS 0x00000000ed200000| PB 0x00000000ed200000| Untracked 
| 211|0x00000000ed300000, 0x00000000ed300000, 0x00000000ed400000|  0%| F|  |TAMS 0x00000000ed300000| PB 0x00000000ed300000| Untracked 
| 212|0x00000000ed400000, 0x00000000ed400000, 0x00000000ed500000|  0%| F|  |TAMS 0x00000000ed400000| PB 0x00000000ed400000| Untracked 
| 213|0x00000000ed500000, 0x00000000ed500000, 0x00000000ed600000|  0%| F|  |TAMS 0x00000000ed500000| PB 0x00000000ed500000| Untracked 
| 214|0x00000000ed600000, 0x00000000ed600000, 0x00000000ed700000|  0%| F|  |TAMS 0x00000000ed600000| PB 0x00000000ed600000| Untracked 
| 215|0x00000000ed700000, 0x00000000ed700000, 0x00000000ed800000|  0%| F|  |TAMS 0x00000000ed700000| PB 0x00000000ed700000| Untracked 
| 216|0x00000000ed800000, 0x00000000ed800000, 0x00000000ed900000|  0%| F|  |TAMS 0x00000000ed800000| PB 0x00000000ed800000| Untracked 
| 217|0x00000000ed900000, 0x00000000ed900000, 0x00000000eda00000|  0%| F|  |TAMS 0x00000000ed900000| PB 0x00000000ed900000| Untracked 
| 218|0x00000000eda00000, 0x00000000eda00000, 0x00000000edb00000|  0%| F|  |TAMS 0x00000000eda00000| PB 0x00000000eda00000| Untracked 
| 219|0x00000000edb00000, 0x00000000edb00000, 0x00000000edc00000|  0%| F|  |TAMS 0x00000000edb00000| PB 0x00000000edb00000| Untracked 
| 220|0x00000000edc00000, 0x00000000edc00000, 0x00000000edd00000|  0%| F|  |TAMS 0x00000000edc00000| PB 0x00000000edc00000| Untracked 
| 221|0x00000000edd00000, 0x00000000edd00000, 0x00000000ede00000|  0%| F|  |TAMS 0x00000000edd00000| PB 0x00000000edd00000| Untracked 
| 222|0x00000000ede00000, 0x00000000ede00000, 0x00000000edf00000|  0%| F|  |TAMS 0x00000000ede00000| PB 0x00000000ede00000| Untracked 
| 223|0x00000000edf00000, 0x00000000edf00000, 0x00000000ee000000|  0%| F|  |TAMS 0x00000000edf00000| PB 0x00000000edf00000| Untracked 
| 224|0x00000000ee000000, 0x00000000ee000000, 0x00000000ee100000|  0%| F|  |TAMS 0x00000000ee000000| PB 0x00000000ee000000| Untracked 
| 225|0x00000000ee100000, 0x00000000ee100000, 0x00000000ee200000|  0%| F|  |TAMS 0x00000000ee100000| PB 0x00000000ee100000| Untracked 
| 226|0x00000000ee200000, 0x00000000ee200000, 0x00000000ee300000|  0%| F|  |TAMS 0x00000000ee200000| PB 0x00000000ee200000| Untracked 
| 227|0x00000000ee300000, 0x00000000ee300000, 0x00000000ee400000|  0%| F|  |TAMS 0x00000000ee300000| PB 0x00000000ee300000| Untracked 
| 228|0x00000000ee400000, 0x00000000ee400000, 0x00000000ee500000|  0%| F|  |TAMS 0x00000000ee400000| PB 0x00000000ee400000| Untracked 
| 229|0x00000000ee500000, 0x00000000ee500000, 0x00000000ee600000|  0%| F|  |TAMS 0x00000000ee500000| PB 0x00000000ee500000| Untracked 
| 230|0x00000000ee600000, 0x00000000ee600000, 0x00000000ee700000|  0%| F|  |TAMS 0x00000000ee600000| PB 0x00000000ee600000| Untracked 
| 231|0x00000000ee700000, 0x00000000ee700000, 0x00000000ee800000|  0%| F|  |TAMS 0x00000000ee700000| PB 0x00000000ee700000| Untracked 
| 232|0x00000000ee800000, 0x00000000ee800000, 0x00000000ee900000|  0%| F|  |TAMS 0x00000000ee800000| PB 0x00000000ee800000| Untracked 
| 233|0x00000000ee900000, 0x00000000ee900000, 0x00000000eea00000|  0%| F|  |TAMS 0x00000000ee900000| PB 0x00000000ee900000| Untracked 
| 234|0x00000000eea00000, 0x00000000eea00000, 0x00000000eeb00000|  0%| F|  |TAMS 0x00000000eea00000| PB 0x00000000eea00000| Untracked 
| 235|0x00000000eeb00000, 0x00000000eeb00000, 0x00000000eec00000|  0%| F|  |TAMS 0x00000000eeb00000| PB 0x00000000eeb00000| Untracked 
| 236|0x00000000eec00000, 0x00000000eec00000, 0x00000000eed00000|  0%| F|  |TAMS 0x00000000eec00000| PB 0x00000000eec00000| Untracked 
| 237|0x00000000eed00000, 0x00000000eed00000, 0x00000000eee00000|  0%| F|  |TAMS 0x00000000eed00000| PB 0x00000000eed00000| Untracked 
| 238|0x00000000eee00000, 0x00000000eee00000, 0x00000000eef00000|  0%| F|  |TAMS 0x00000000eee00000| PB 0x00000000eee00000| Untracked 
| 239|0x00000000eef00000, 0x00000000eef00000, 0x00000000ef000000|  0%| F|  |TAMS 0x00000000eef00000| PB 0x00000000eef00000| Untracked 
| 240|0x00000000ef000000, 0x00000000ef000000, 0x00000000ef100000|  0%| F|  |TAMS 0x00000000ef000000| PB 0x00000000ef000000| Untracked 
| 241|0x00000000ef100000, 0x00000000ef100000, 0x00000000ef200000|  0%| F|  |TAMS 0x00000000ef100000| PB 0x00000000ef100000| Untracked 
| 242|0x00000000ef200000, 0x00000000ef200000, 0x00000000ef300000|  0%| F|  |TAMS 0x00000000ef200000| PB 0x00000000ef200000| Untracked 
| 243|0x00000000ef300000, 0x00000000ef300000, 0x00000000ef400000|  0%| F|  |TAMS 0x00000000ef300000| PB 0x00000000ef300000| Untracked 
| 244|0x00000000ef400000, 0x00000000ef400000, 0x00000000ef500000|  0%| F|  |TAMS 0x00000000ef400000| PB 0x00000000ef400000| Untracked 
| 245|0x00000000ef500000, 0x00000000ef500000, 0x00000000ef600000|  0%| F|  |TAMS 0x00000000ef500000| PB 0x00000000ef500000| Untracked 
| 246|0x00000000ef600000, 0x00000000ef600000, 0x00000000ef700000|  0%| F|  |TAMS 0x00000000ef600000| PB 0x00000000ef600000| Untracked 
| 247|0x00000000ef700000, 0x00000000ef700000, 0x00000000ef800000|  0%| F|  |TAMS 0x00000000ef700000| PB 0x00000000ef700000| Untracked 
| 248|0x00000000ef800000, 0x00000000ef800000, 0x00000000ef900000|  0%| F|  |TAMS 0x00000000ef800000| PB 0x00000000ef800000| Untracked 
| 249|0x00000000ef900000, 0x00000000ef900000, 0x00000000efa00000|  0%| F|  |TAMS 0x00000000ef900000| PB 0x00000000ef900000| Untracked 
| 250|0x00000000efa00000, 0x00000000efa00000, 0x00000000efb00000|  0%| F|  |TAMS 0x00000000efa00000| PB 0x00000000efa00000| Untracked 
| 251|0x00000000efb00000, 0x00000000efb00000, 0x00000000efc00000|  0%| F|  |TAMS 0x00000000efb00000| PB 0x00000000efb00000| Untracked 
| 252|0x00000000efc00000, 0x00000000efc00000, 0x00000000efd00000|  0%| F|  |TAMS 0x00000000efc00000| PB 0x00000000efc00000| Untracked 
| 253|0x00000000efd00000, 0x00000000efd80800, 0x00000000efe00000| 50%| E|  |TAMS 0x00000000efd00000| PB 0x00000000efd00000| Complete 
| 254|0x00000000efe00000, 0x00000000eff00000, 0x00000000eff00000|100%| E|CS|TAMS 0x00000000efe00000| PB 0x00000000efe00000| Complete 
| 255|0x00000000eff00000, 0x00000000f0000000, 0x00000000f0000000|100%| E|CS|TAMS 0x00000000eff00000| PB 0x00000000eff00000| Complete 

Card table byte_map: [0x000001626a020000,0x000001626a120000] _byte_map_base: 0x0000016269920000

Marking Bits: (CMBitMap*) 0x00000162527c6af0
 Bits: [0x000001626a120000, 0x000001626a920000)

Polling page: 0x0000016250920000

Metaspace:

Usage:
  Non-class:     49.75 MB used.
      Class:      8.33 MB used.
       Both:     58.08 MB used.

Virtual space:
  Non-class space:       64.00 MB reserved,      50.62 MB ( 79%) committed,  1 nodes.
      Class space:      320.00 MB reserved,       9.25 MB (  3%) committed,  1 nodes.
             Both:      384.00 MB reserved,      59.88 MB ( 16%) committed. 

Chunk freelists:
   Non-Class:  13.30 MB
       Class:  6.67 MB
        Both:  19.97 MB

MaxMetaspaceSize: 384.00 MB
CompressedClassSpaceSize: 320.00 MB
Initial GC threshold: 21.00 MB
Current GC threshold: 60.00 MB
CDS: on
 - commit_granule_bytes: 65536.
 - commit_granule_words: 8192.
 - virtual_space_node_default_size: 8388608.
 - enlarge_chunks_in_place: 1.
 - use_allocation_guard: 0.


Internal statistics:

num_allocs_failed_limit: 15.
num_arena_births: 3304.
num_arena_deaths: 0.
num_vsnodes_births: 2.
num_vsnodes_deaths: 0.
num_space_committed: 958.
num_space_uncommitted: 0.
num_chunks_returned_to_freelist: 15.
num_chunks_taken_from_freelist: 6154.
num_chunk_merges: 12.
num_chunk_splits: 4004.
num_chunks_enlarged: 2434.
num_inconsistent_stats: 0.

CodeHeap 'non-profiled nmethods': size=120000Kb used=3725Kb max_used=3725Kb free=116274Kb
 bounds [0x00000162626c0000, 0x0000016262a70000, 0x0000016269bf0000]
CodeHeap 'profiled nmethods': size=120000Kb used=12592Kb max_used=12592Kb free=107407Kb
 bounds [0x000001625abf0000, 0x000001625b840000, 0x0000016262120000]
CodeHeap 'non-nmethods': size=5760Kb used=2766Kb max_used=2789Kb free=2993Kb
 bounds [0x0000016262120000, 0x00000162623f0000, 0x00000162626c0000]
 total_blobs=7385 nmethods=6497 adapters=791
 compilation: enabled
              stopped_count=0, restarted_count=0
 full_count=0

Compilation events (20 events):
Event: 51.196 Thread 0x000001626d39e630 6996       3       java.lang.invoke.LambdaMetafactory::extractArg (47 bytes)
Event: 51.197 Thread 0x000001626d39e630 nmethod 6996 0x000001625b837890 code [0x000001625b837ac0, 0x000001625b838160]
Event: 51.201 Thread 0x000001626d39e630 6997       1       org.gradle.api.internal.collections.AbstractIterationOrderRetainingElementSource::getInserted (5 bytes)
Event: 51.201 Thread 0x000001626d39e630 nmethod 6997 0x0000016262a62410 code [0x0000016262a625a0, 0x0000016262a62668]
Event: 51.202 Thread 0x000001626d39e630 6998       3       java.util.regex.Pattern$$Lambda/0x800000032::is (9 bytes)
Event: 51.202 Thread 0x000001626d39e630 nmethod 6998 0x000001625b838410 code [0x000001625b8385c0, 0x000001625b838848]
Event: 51.202 Thread 0x000001626d39e630 6999       1       org.gradle.internal.code.DefaultUserCodeApplicationContext$CurrentApplication::getId (5 bytes)
Event: 51.203 Thread 0x000001626d39e630 nmethod 6999 0x0000016262a62710 code [0x0000016262a628a0, 0x0000016262a62968]
Event: 51.204 Thread 0x000001626d39e630 7000       1       org.gradle.api.internal.DefaultMutationGuard::access$100 (5 bytes)
Event: 51.204 Thread 0x000001626d39e630 nmethod 7000 0x0000016262a62a10 code [0x0000016262a62ba0, 0x0000016262a62c50]
Event: 51.205 Thread 0x000001626d39e630 7001       3       org.gradle.api.internal.collections.CollectionFilter::filter (39 bytes)
Event: 51.206 Thread 0x000001626d39e630 nmethod 7001 0x000001625b838910 code [0x000001625b838b20, 0x000001625b839020]
Event: 51.206 Thread 0x000001626d39e630 7002       1       org.gradle.api.internal.DefaultCollectionCallbackActionDecorator::access$100 (5 bytes)
Event: 51.207 Thread 0x000001626d39e630 nmethod 7002 0x0000016262a62d10 code [0x0000016262a62ea0, 0x0000016262a62f50]
Event: 51.207 Thread 0x000001626d39e630 7003       1       org.gradle.api.internal.DefaultCollectionCallbackActionDecorator$BuildOperationEmittingAction::access$000 (5 bytes)
Event: 51.207 Thread 0x000001626d39e630 nmethod 7003 0x0000016262a63010 code [0x0000016262a631a0, 0x0000016262a63250]
Event: 51.212 Thread 0x000001626d39e630 7004       3       java.lang.invoke.LambdaForm$MH/0x0000016201110c00::invoke (64 bytes)
Event: 51.213 Thread 0x000001626d39e630 nmethod 7004 0x000001625b839210 code [0x000001625b8394c0, 0x000001625b83a2c8]
Event: 51.268 Thread 0x000001626d39e630 7005       3       java.util.jar.Attributes::<init> (13 bytes)
Event: 51.268 Thread 0x000001626d39e630 nmethod 7005 0x000001625b83a710 code [0x000001625b83a8c0, 0x000001625b83aab8]

GC Heap History (17 events):
Event: 1.931 GC heap before
{Heap before GC invocations=0 (full 0):
 garbage-first heap   total 262144K, used 26624K [0x00000000e0000000, 0x0000000100000000)
  region size 1024K, 23 young (23552K), 0 survivors (0K)
 Metaspace       used 2457K, committed 2624K, reserved 393216K
  class space    used 279K, committed 384K, reserved 327680K
}
Event: 1.939 GC heap after
{Heap after GC invocations=1 (full 0):
 garbage-first heap   total 262144K, used 10699K [0x00000000e0000000, 0x0000000100000000)
  region size 1024K, 3 young (3072K), 3 survivors (3072K)
 Metaspace       used 2457K, committed 2624K, reserved 393216K
  class space    used 279K, committed 384K, reserved 327680K
}
Event: 3.406 GC heap before
{Heap before GC invocations=1 (full 0):
 garbage-first heap   total 262144K, used 38347K [0x00000000e0000000, 0x0000000100000000)
  region size 1024K, 31 young (31744K), 3 survivors (3072K)
 Metaspace       used 4165K, committed 4416K, reserved 393216K
  class space    used 516K, committed 640K, reserved 327680K
}
Event: 3.410 GC heap after
{Heap after GC invocations=2 (full 0):
 garbage-first heap   total 262144K, used 12182K [0x00000000e0000000, 0x0000000100000000)
  region size 1024K, 2 young (2048K), 2 survivors (2048K)
 Metaspace       used 4165K, committed 4416K, reserved 393216K
  class space    used 516K, committed 640K, reserved 327680K
}
Event: 18.317 GC heap before
{Heap before GC invocations=2 (full 0):
 garbage-first heap   total 262144K, used 128918K [0x00000000e0000000, 0x0000000100000000)
  region size 1024K, 114 young (116736K), 2 survivors (2048K)
 Metaspace       used 20830K, committed 21504K, reserved 393216K
  class space    used 3013K, committed 3328K, reserved 327680K
}
Event: 18.335 GC heap after
{Heap after GC invocations=3 (full 0):
 garbage-first heap   total 262144K, used 24528K [0x00000000e0000000, 0x0000000100000000)
  region size 1024K, 13 young (13312K), 13 survivors (13312K)
 Metaspace       used 20830K, committed 21504K, reserved 393216K
  class space    used 3013K, committed 3328K, reserved 327680K
}
Event: 18.401 GC heap before
{Heap before GC invocations=3 (full 0):
 garbage-first heap   total 262144K, used 25552K [0x00000000e0000000, 0x0000000100000000)
  region size 1024K, 15 young (15360K), 13 survivors (13312K)
 Metaspace       used 20850K, committed 21504K, reserved 393216K
  class space    used 3016K, committed 3328K, reserved 327680K
}
Event: 18.415 GC heap after
{Heap after GC invocations=4 (full 0):
 garbage-first heap   total 262144K, used 24770K [0x00000000e0000000, 0x0000000100000000)
  region size 1024K, 1 young (1024K), 1 survivors (1024K)
 Metaspace       used 20850K, committed 21504K, reserved 393216K
  class space    used 3016K, committed 3328K, reserved 327680K
}
Event: 26.120 GC heap before
{Heap before GC invocations=5 (full 0):
 garbage-first heap   total 262144K, used 112834K [0x00000000e0000000, 0x0000000100000000)
  region size 1024K, 89 young (91136K), 1 survivors (1024K)
 Metaspace       used 34791K, committed 35968K, reserved 393216K
  class space    used 5062K, committed 5632K, reserved 327680K
}
Event: 26.129 GC heap after
{Heap after GC invocations=6 (full 0):
 garbage-first heap   total 262144K, used 30179K [0x00000000e0000000, 0x0000000100000000)
  region size 1024K, 7 young (7168K), 7 survivors (7168K)
 Metaspace       used 34791K, committed 35968K, reserved 393216K
  class space    used 5062K, committed 5632K, reserved 327680K
}
Event: 26.177 GC heap before
{Heap before GC invocations=6 (full 0):
 garbage-first heap   total 262144K, used 31203K [0x00000000e0000000, 0x0000000100000000)
  region size 1024K, 10 young (10240K), 7 survivors (7168K)
 Metaspace       used 35135K, committed 36288K, reserved 393216K
  class space    used 5072K, committed 5632K, reserved 327680K
}
Event: 26.184 GC heap after
{Heap after GC invocations=7 (full 0):
 garbage-first heap   total 262144K, used 30466K [0x00000000e0000000, 0x0000000100000000)
  region size 1024K, 7 young (7168K), 7 survivors (7168K)
 Metaspace       used 35135K, committed 36288K, reserved 393216K
  class space    used 5072K, committed 5632K, reserved 327680K
}
Event: 26.225 GC heap before
{Heap before GC invocations=7 (full 0):
 garbage-first heap   total 262144K, used 30466K [0x00000000e0000000, 0x0000000100000000)
  region size 1024K, 8 young (8192K), 7 survivors (7168K)
 Metaspace       used 35316K, committed 36608K, reserved 393216K
  class space    used 5097K, committed 5760K, reserved 327680K
}
Event: 26.232 GC heap after
{Heap after GC invocations=8 (full 0):
 garbage-first heap   total 262144K, used 30118K [0x00000000e0000000, 0x0000000100000000)
  region size 1024K, 7 young (7168K), 7 survivors (7168K)
 Metaspace       used 35316K, committed 36608K, reserved 393216K
  class space    used 5097K, committed 5760K, reserved 327680K
}
Event: 45.338 GC heap before
{Heap before GC invocations=9 (full 0):
 garbage-first heap   total 262144K, used 185766K [0x00000000e0000000, 0x0000000100000000)
  region size 1024K, 153 young (156672K), 7 survivors (7168K)
 Metaspace       used 48911K, committed 50560K, reserved 393216K
  class space    used 7003K, committed 7808K, reserved 327680K
}
Event: 45.357 GC heap after
{Heap after GC invocations=10 (full 0):
 garbage-first heap   total 262144K, used 38643K [0x00000000e0000000, 0x0000000100000000)
  region size 1024K, 15 young (15360K), 15 survivors (15360K)
 Metaspace       used 48911K, committed 50560K, reserved 393216K
  class space    used 7003K, committed 7808K, reserved 327680K
}
Event: 51.284 GC heap before
{Heap before GC invocations=10 (full 0):
 garbage-first heap   total 262144K, used 158451K [0x00000000e0000000, 0x0000000100000000)
  region size 1024K, 133 young (136192K), 15 survivors (15360K)
 Metaspace       used 59314K, committed 61120K, reserved 393216K
  class space    used 8507K, committed 9408K, reserved 327680K
}

Dll operation events (15 events):
Event: 0.016 Loaded shared library C:\Users\hoang\.jdks\openjdk-21.0.2\bin\java.dll
Event: 0.142 Loaded shared library C:\Users\hoang\.jdks\openjdk-21.0.2\bin\jsvml.dll
Event: 0.244 Loaded shared library C:\Users\hoang\.jdks\openjdk-21.0.2\bin\zip.dll
Event: 0.250 Loaded shared library C:\Users\hoang\.jdks\openjdk-21.0.2\bin\instrument.dll
Event: 0.265 Loaded shared library C:\Users\hoang\.jdks\openjdk-21.0.2\bin\net.dll
Event: 0.271 Loaded shared library C:\Users\hoang\.jdks\openjdk-21.0.2\bin\nio.dll
Event: 0.283 Loaded shared library C:\Users\hoang\.jdks\openjdk-21.0.2\bin\zip.dll
Event: 1.429 Loaded shared library C:\Users\hoang\.jdks\openjdk-21.0.2\bin\jimage.dll
Event: 1.642 Loaded shared library C:\Users\hoang\.jdks\openjdk-21.0.2\bin\verify.dll
Event: 1.913 Loaded shared library C:\Users\hoang\.gradle\native\c067742578af261105cb4f569cf0c3c89f3d7b1fecec35dd04571415982c5e48\windows-amd64\native-platform.dll
Event: 1.922 Loaded shared library C:\Users\hoang\.gradle\native\100fb08df4bc3b14c8652ba06237920a3bd2aa13389f12d3474272988ae205f9\windows-amd64\native-platform-file-events.dll
Event: 5.121 Loaded shared library C:\Users\hoang\.jdks\openjdk-21.0.2\bin\management.dll
Event: 5.128 Loaded shared library C:\Users\hoang\.jdks\openjdk-21.0.2\bin\management_ext.dll
Event: 7.045 Loaded shared library C:\Users\hoang\.jdks\openjdk-21.0.2\bin\extnet.dll
Event: 7.616 Loaded shared library C:\Users\hoang\.jdks\openjdk-21.0.2\bin\sunmscapi.dll

Deoptimization events (20 events):
Event: 51.101 Thread 0x000001627290d670 DEOPT PACKING pc=0x0000016262a5f7b4 sp=0x0000000ca8af8030
Event: 51.101 Thread 0x000001627290d670 DEOPT UNPACKING pc=0x00000162621746a2 sp=0x0000000ca8af7fd0 mode 2
Event: 51.106 Thread 0x000001627290d670 Uncommon trap: trap_request=0xffffffd6 fr.pc=0x0000016262a5f7b4 relative=0x00000000000003f4
Event: 51.106 Thread 0x000001627290d670 Uncommon trap: reason=array_check action=maybe_recompile pc=0x0000016262a5f7b4 method=java.util.LinkedHashMap.keysToArray([Ljava/lang/Object;Z)[Ljava/lang/Object; @ 67 c2
Event: 51.106 Thread 0x000001627290d670 DEOPT PACKING pc=0x0000016262a5f7b4 sp=0x0000000ca8af80b0
Event: 51.106 Thread 0x000001627290d670 DEOPT UNPACKING pc=0x00000162621746a2 sp=0x0000000ca8af8050 mode 2
Event: 51.123 Thread 0x000001627290d670 DEOPT PACKING pc=0x000001625b714e5d sp=0x0000000ca8af7680
Event: 51.123 Thread 0x000001627290d670 DEOPT UNPACKING pc=0x0000016262174e42 sp=0x0000000ca8af6c30 mode 0
Event: 51.187 Thread 0x000001627290d670 Uncommon trap: trap_request=0xffffffc6 fr.pc=0x00000162628ffc9c relative=0x00000000000002fc
Event: 51.187 Thread 0x000001627290d670 Uncommon trap: reason=bimorphic_or_optimized_type_check action=maybe_recompile pc=0x00000162628ffc9c method=java.util.Spliterators$IteratorSpliterator.tryAdvance(Ljava/util/function/Consumer;)Z @ 50 c2
Event: 51.187 Thread 0x000001627290d670 DEOPT PACKING pc=0x00000162628ffc9c sp=0x0000000ca8af7950
Event: 51.187 Thread 0x000001627290d670 DEOPT UNPACKING pc=0x00000162621746a2 sp=0x0000000ca8af78f0 mode 2
Event: 51.207 Thread 0x000001627290d670 Uncommon trap: trap_request=0xffffffc6 fr.pc=0x00000162628ffc9c relative=0x00000000000002fc
Event: 51.207 Thread 0x000001627290d670 Uncommon trap: reason=bimorphic_or_optimized_type_check action=maybe_recompile pc=0x00000162628ffc9c method=java.util.Spliterators$IteratorSpliterator.tryAdvance(Ljava/util/function/Consumer;)Z @ 50 c2
Event: 51.207 Thread 0x000001627290d670 DEOPT PACKING pc=0x00000162628ffc9c sp=0x0000000ca8af7950
Event: 51.207 Thread 0x000001627290d670 DEOPT UNPACKING pc=0x00000162621746a2 sp=0x0000000ca8af78f0 mode 2
Event: 51.207 Thread 0x000001627290d670 Uncommon trap: trap_request=0xffffffc6 fr.pc=0x00000162628ffc9c relative=0x00000000000002fc
Event: 51.207 Thread 0x000001627290d670 Uncommon trap: reason=bimorphic_or_optimized_type_check action=maybe_recompile pc=0x00000162628ffc9c method=java.util.Spliterators$IteratorSpliterator.tryAdvance(Ljava/util/function/Consumer;)Z @ 50 c2
Event: 51.207 Thread 0x000001627290d670 DEOPT PACKING pc=0x00000162628ffc9c sp=0x0000000ca8af7950
Event: 51.207 Thread 0x000001627290d670 DEOPT UNPACKING pc=0x00000162621746a2 sp=0x0000000ca8af78f0 mode 2

Classes loaded (20 events):
Event: 47.351 Loading class com/sun/org/apache/xerces/internal/utils/XMLSecurityPropertyManager$State
Event: 47.352 Loading class com/sun/org/apache/xerces/internal/utils/XMLSecurityPropertyManager$State done
Event: 47.352 Loading class com/sun/org/apache/xerces/internal/utils/XMLSecurityPropertyManager$Property
Event: 47.352 Loading class com/sun/org/apache/xerces/internal/utils/XMLSecurityPropertyManager$Property done
Event: 47.573 Loading class java/util/regex/Pattern$SliceI
Event: 47.576 Loading class java/util/regex/Pattern$SliceI done
Event: 49.057 Loading class java/lang/ThreadDeath
Event: 49.058 Loading class java/lang/ThreadDeath done
Event: 49.058 Loading class sun/misc/SharedSecrets
Event: 49.058 Loading class sun/misc/SharedSecrets done
Event: 49.190 Loading class java/io/PrintWriter$1
Event: 49.192 Loading class jdk/internal/access/JavaIOPrintWriterAccess
Event: 49.196 Loading class jdk/internal/access/JavaIOPrintWriterAccess done
Event: 49.196 Loading class java/io/PrintWriter$1 done
Event: 50.353 Loading class java/util/ArrayList$SubList$1
Event: 50.355 Loading class java/util/ArrayList$SubList$1 done
Event: 50.371 Loading class java/lang/Override
Event: 50.378 Loading class java/lang/Override done
Event: 51.281 Loading class java/lang/AbstractMethodError
Event: 51.282 Loading class java/lang/AbstractMethodError done

Classes unloaded (0 events):
No events

Classes redefined (0 events):
No events

Internal exceptions (20 events):
Event: 43.470 Thread 0x000001627290d670 Exception <a 'java/lang/NoSuchMethodError'{0x00000000e7301990}: 'void java.lang.invoke.DirectMethodHandle$Holder.invokeStatic(java.lang.Object, java.lang.Object, java.lang.Object, int, java.lang.Object)'> (0x00000000e7301990) 
thrown [s\open\src\hotspot\share\interpreter\linkResolver.cpp, line 773]
Event: 44.100 Thread 0x000001627290d670 Exception <a 'java/lang/NoSuchMethodError'{0x00000000e6f29798}: 'java.lang.Object java.lang.invoke.DirectMethodHandle$Holder.invokeSpecial(java.lang.Object, java.lang.Object, long, java.lang.Object, java.lang.Object)'> (0x00000000e6f29798) 
thrown [s\open\src\hotspot\share\interpreter\linkResolver.cpp, line 773]
Event: 44.300 Thread 0x000001627290d670 Exception <a 'java/lang/NoSuchMethodError'{0x00000000e6edeae0}: 'java.lang.Object java.lang.invoke.DirectMethodHandle$Holder.newInvokeSpecial(java.lang.Object, java.lang.Object, int)'> (0x00000000e6edeae0) 
thrown [s\open\src\hotspot\share\interpreter\linkResolver.cpp, line 773]
Event: 45.377 Thread 0x000001627290d670 Exception <a 'java/lang/NoSuchMethodError'{0x00000000efe27df8}: 'java.lang.Object java.lang.invoke.DirectMethodHandle$Holder.newInvokeSpecial(java.lang.Object, java.lang.Object, java.lang.Object, java.lang.Object, int, java.lang.Object)'> (0x00000000efe27df8) 
thrown [s\open\src\hotspot\share\interpreter\linkResolver.cpp, line 773]
Event: 45.377 Thread 0x000001627290d670 Exception <a 'java/lang/NoSuchMethodError'{0x00000000efe2ce70}: 'java.lang.Object java.lang.invoke.Invokers$Holder.linkToTargetMethod(java.lang.Object, java.lang.Object, java.lang.Object, int, java.lang.Object, java.lang.Object)'> (0x00000000efe2ce70) 
thrown [s\open\src\hotspot\share\interpreter\linkResolver.cpp, line 773]
Event: 46.023 Thread 0x000001627290d670 Exception <a 'java/lang/NoSuchMethodError'{0x00000000ef5587f0}: 'java.lang.Object java.lang.invoke.DirectMethodHandle$Holder.invokeSpecialIFC(java.lang.Object, java.lang.Object, java.lang.Object)'> (0x00000000ef5587f0) 
thrown [s\open\src\hotspot\share\interpreter\linkResolver.cpp, line 773]
Event: 47.357 Thread 0x000001627290d670 Exception <a 'java/lang/NoSuchMethodError'{0x00000000edd24ad8}: 'java.lang.Object java.lang.invoke.DirectMethodHandle$Holder.newInvokeSpecial(java.lang.Object, java.lang.Object, java.lang.Object, java.lang.Object, java.lang.Object, java.lang.Object, java.lang.Object, java.lang.Object, java.lang.Object, java.lang.Object, java.lang.Object, java.lang.Object, java.lang.Object, java.lang.Object, java.lang.Object, java.lang.Object)'> (0x00000000edd24ad8) 
thrown [s\open\src\hotspot\share\interpreter\linkResolver
Event: 47.358 Thread 0x000001627290d670 Exception <a 'java/lang/NoSuchMethodError'{0x00000000edd2b438}: 'java.lang.Object java.lang.invoke.DirectMethodHandle$Holder.invokeSpecial(java.lang.Object, java.lang.Object, java.lang.Object, java.lang.Object, java.lang.Object, java.lang.Object, java.lang.Object, java.lang.Object, java.lang.Object, java.lang.Object, java.lang.Object, java.lang.Object, java.lang.Object, java.lang.Object, java.lang.Object, java.lang.Object, java.lang.Object)'> (0x00000000edd2b438) 
thrown [s\open\src\hotspot\share\interpret
Event: 47.358 Thread 0x000001627290d670 Exception <a 'java/lang/NoSuchMethodError'{0x00000000edd30d20}: 'java.lang.Object java.lang.invoke.DelegatingMethodHandle$Holder.reinvoke_L(java.lang.Object, java.lang.Object, java.lang.Object, java.lang.Object, java.lang.Object, java.lang.Object, java.lang.Object, java.lang.Object, java.lang.Object, java.lang.Object, java.lang.Object, java.lang.Object, java.lang.Object, java.lang.Object, java.lang.Object, java.lang.Object)'> (0x00000000edd30d20) 
thrown [s\open\src\hotspot\share\interpreter\linkResolver.c
Event: 48.458 Thread 0x000001627290d670 Exception <a 'java/lang/NoSuchMethodError'{0x00000000ece8d338}: 'java.lang.Object java.lang.invoke.DirectMethodHandle$Holder.newInvokeSpecial(java.lang.Object, java.lang.Object, java.lang.Object, java.lang.Object, java.lang.Object, java.lang.Object, java.lang.Object, java.lang.Object, java.lang.Object, java.lang.Object, java.lang.Object, java.lang.Object, java.lang.Object, java.lang.Object, java.lang.Object, java.lang.Object, java.lang.Object, java.lang.Object, java.lang.Object, java.lang.Object, java.lang
Event: 49.058 Thread 0x000001627290d670 Exception <a 'java/lang/ClassNotFoundException'{0x00000000ec5e4190}: sun/misc/SharedSecrets> (0x00000000ec5e4190) 
thrown [s\open\src\hotspot\share\classfile\systemDictionary.cpp, line 312]
Event: 49.058 Thread 0x000001627290d670 Exception <a 'java/lang/NoClassDefFoundError'{0x00000000ec5e54e8}: org/jetbrains/kotlin/gradle/plugin/KotlinPluginWrapper> (0x00000000ec5e54e8) 
thrown [s\open\src\hotspot\share\classfile\systemDictionary.cpp, line 301]
Event: 49.059 Thread 0x000001627290d670 Exception <a 'java/lang/NoClassDefFoundError'{0x00000000ec5eba50}: org/graalvm/buildtools/gradle/NativeImagePlugin> (0x00000000ec5eba50) 
thrown [s\open\src\hotspot\share\classfile\systemDictionary.cpp, line 301]
Event: 49.059 Thread 0x000001627290d670 Exception <a 'java/lang/NoClassDefFoundError'{0x00000000ec5f1f20}: org/cyclonedx/gradle/CycloneDxPlugin> (0x00000000ec5f1f20) 
thrown [s\open\src\hotspot\share\classfile\systemDictionary.cpp, line 301]
Event: 49.108 Thread 0x000001627290d670 Exception <a 'java/lang/ClassNotFoundException'{0x00000000ec3aedc0}: io/spring/gradle/dependencymanagement/internal/dsl/StandardDependencyManagementExtensionBeanInfo> (0x00000000ec3aedc0) 
thrown [s\open\src\hotspot\share\classfile\systemDictionary.cpp, line 312]
Event: 49.108 Thread 0x000001627290d670 Exception <a 'java/lang/ClassNotFoundException'{0x00000000ec3b8238}: io/spring/gradle/dependencymanagement/internal/dsl/StandardDependencyManagementExtensionCustomizer> (0x00000000ec3b8238) 
thrown [s\open\src\hotspot\share\classfile\systemDictionary.cpp, line 312]
Event: 49.267 Thread 0x000001627290d670 Exception <a 'java/lang/ClassNotFoundException'{0x00000000ec0e6260}: io/spring/gradle/dependencymanagement/internal/dsl/StandardImportsHandlerBeanInfo> (0x00000000ec0e6260) 
thrown [s\open\src\hotspot\share\classfile\systemDictionary.cpp, line 312]
Event: 49.268 Thread 0x000001627290d670 Exception <a 'java/lang/ClassNotFoundException'{0x00000000ec0f0848}: io/spring/gradle/dependencymanagement/internal/dsl/StandardImportsHandlerCustomizer> (0x00000000ec0f0848) 
thrown [s\open\src\hotspot\share\classfile\systemDictionary.cpp, line 312]
Event: 51.061 Thread 0x000001627290d670 Exception <a 'java/lang/NoSuchMethodError'{0x00000000e8f6c420}: 'void java.lang.invoke.DirectMethodHandle$Holder.invokeInterface(java.lang.Object, java.lang.Object, java.lang.Object, java.lang.Object)'> (0x00000000e8f6c420) 
thrown [s\open\src\hotspot\share\interpreter\linkResolver.cpp, line 773]
Event: 51.195 Thread 0x000001627290d670 Exception <a 'java/lang/NoSuchMethodError'{0x00000000e8bba688}: 'int java.lang.invoke.DirectMethodHandle$Holder.invokeSpecialIFC(java.lang.Object, java.lang.Object, java.lang.Object, java.lang.Object, java.lang.Object)'> (0x00000000e8bba688) 
thrown [s\open\src\hotspot\share\interpreter\linkResolver.cpp, line 773]

ZGC Phase Switch (0 events):
No events

VM Operations (20 events):
Event: 45.149 Executing VM operation: HandshakeAllThreads (Deoptimize) done
Event: 45.149 Executing VM operation: Cleanup
Event: 45.149 Executing VM operation: Cleanup done
Event: 45.337 Executing VM operation: G1CollectForAllocation (G1 Evacuation Pause)
Event: 45.357 Executing VM operation: G1CollectForAllocation (G1 Evacuation Pause) done
Event: 45.370 Executing VM operation: HandshakeAllThreads (Deoptimize)
Event: 45.370 Executing VM operation: HandshakeAllThreads (Deoptimize) done
Event: 46.378 Executing VM operation: Cleanup
Event: 46.391 Executing VM operation: Cleanup done
Event: 47.069 Executing VM operation: ICBufferFull
Event: 47.069 Executing VM operation: ICBufferFull done
Event: 48.081 Executing VM operation: Cleanup
Event: 48.082 Executing VM operation: Cleanup done
Event: 49.086 Executing VM operation: Cleanup
Event: 49.087 Executing VM operation: Cleanup done
Event: 50.096 Executing VM operation: Cleanup
Event: 50.096 Executing VM operation: Cleanup done
Event: 51.104 Executing VM operation: Cleanup
Event: 51.104 Executing VM operation: Cleanup done
Event: 51.284 Executing VM operation: CollectForMetadataAllocation (Metadata GC Threshold)

Events (20 events):
Event: 44.857 Thread 0x0000016273d377e0 Thread added: 0x0000016273d377e0
Event: 44.857 Thread 0x0000016273d3ac60 Thread added: 0x0000016273d3ac60
Event: 45.504 Thread 0x0000016273d3b2f0 Thread added: 0x0000016273d3b2f0
Event: 45.508 Thread 0x0000016273d37150 Thread added: 0x0000016273d37150
Event: 45.513 Thread 0x0000016273d39220 Thread added: 0x0000016273d39220
Event: 45.538 Thread 0x0000016273d398b0 Thread added: 0x0000016273d398b0
Event: 45.642 Thread 0x0000016273d3a5d0 Thread added: 0x0000016273d3a5d0
Event: 45.647 Thread 0x0000016273d39f40 Thread added: 0x0000016273d39f40
Event: 45.665 Thread 0x0000016273d3c010 Thread added: 0x0000016273d3c010
Event: 46.029 Thread 0x0000016273d3c6a0 Thread added: 0x0000016273d3c6a0
Event: 46.033 Thread 0x0000016273d3e770 Thread added: 0x0000016273d3e770
Event: 46.037 Thread 0x0000016273d37e70 Thread added: 0x0000016273d37e70
Event: 46.040 Thread 0x0000016273d3cd30 Thread added: 0x0000016273d3cd30
Event: 46.041 Thread 0x0000016273d3b980 Thread added: 0x0000016273d3b980
Event: 46.042 Thread 0x0000016273d38500 Thread added: 0x0000016273d38500
Event: 46.043 Thread 0x000001626d87fb20 Thread added: 0x000001626d87fb20
Event: 46.709 Thread 0x000001626d5da160 Thread added: 0x000001626d5da160
Event: 47.686 Thread 0x000001626d881560 Thread added: 0x000001626d881560
Event: 48.022 Thread 0x000001626d5da160 Thread exited: 0x000001626d5da160
Event: 51.075 Thread 0x00000162740e8ae0 Thread added: 0x00000162740e8ae0


Dynamic libraries:
0x00007ff7d80f0000 - 0x00007ff7d80fe000 	C:\Users\hoang\.jdks\openjdk-21.0.2\bin\java.exe
0x00007fff3b7b0000 - 0x00007fff3b9c7000 	C:\WINDOWS\SYSTEM32\ntdll.dll
0x00007fff394f0000 - 0x00007fff395b4000 	C:\WINDOWS\System32\KERNEL32.DLL
0x00007fff38e10000 - 0x00007fff391bd000 	C:\WINDOWS\System32\KERNELBASE.dll
0x00007fff391c0000 - 0x00007fff392d1000 	C:\WINDOWS\System32\ucrtbase.dll
0x00007fff26b40000 - 0x00007fff26b58000 	C:\Users\hoang\.jdks\openjdk-21.0.2\bin\jli.dll
0x00007fff3aae0000 - 0x00007fff3ac8e000 	C:\WINDOWS\System32\USER32.dll
0x00007fff38ae0000 - 0x00007fff38b06000 	C:\WINDOWS\System32\win32u.dll
0x00007fff3b2f0000 - 0x00007fff3b319000 	C:\WINDOWS\System32\GDI32.dll
0x00007fff38c30000 - 0x00007fff38d49000 	C:\WINDOWS\System32\gdi32full.dll
0x00007fff39450000 - 0x00007fff394ea000 	C:\WINDOWS\System32\msvcp_win.dll
0x00007fff26a70000 - 0x00007fff26a8b000 	C:\Users\hoang\.jdks\openjdk-21.0.2\bin\VCRUNTIME140.dll
0x00007fff107b0000 - 0x00007fff10a43000 	C:\WINDOWS\WinSxS\amd64_microsoft.windows.common-controls_6595b64144ccf1df_6.0.22621.3672_none_2713b9d173822955\COMCTL32.dll
0x00007fff3b6c0000 - 0x00007fff3b767000 	C:\WINDOWS\System32\msvcrt.dll
0x00007fff3b2b0000 - 0x00007fff3b2e1000 	C:\WINDOWS\System32\IMM32.DLL
0x00007fff27000000 - 0x00007fff2700c000 	C:\Users\hoang\.jdks\openjdk-21.0.2\bin\vcruntime140_1.dll
0x00007fff22030000 - 0x00007fff220be000 	C:\Users\hoang\.jdks\openjdk-21.0.2\bin\msvcp140.dll
0x00007ffeeb220000 - 0x00007ffeebf37000 	C:\Users\hoang\.jdks\openjdk-21.0.2\bin\server\jvm.dll
0x00007fff3b580000 - 0x00007fff3b632000 	C:\WINDOWS\System32\ADVAPI32.dll
0x00007fff3aa20000 - 0x00007fff3aac9000 	C:\WINDOWS\System32\sechost.dll
0x00007fff38b10000 - 0x00007fff38b38000 	C:\WINDOWS\System32\bcrypt.dll
0x00007fff3b190000 - 0x00007fff3b2a4000 	C:\WINDOWS\System32\RPCRT4.dll
0x00007fff3b640000 - 0x00007fff3b6b1000 	C:\WINDOWS\System32\WS2_32.dll
0x00007fff37970000 - 0x00007fff379bd000 	C:\WINDOWS\SYSTEM32\POWRPROF.dll
0x00007fff31130000 - 0x00007fff31164000 	C:\WINDOWS\SYSTEM32\WINMM.dll
0x00007fff271e0000 - 0x00007fff271ea000 	C:\WINDOWS\SYSTEM32\VERSION.dll
0x00007fff37950000 - 0x00007fff37963000 	C:\WINDOWS\SYSTEM32\UMPDC.dll
0x00007fff37c00000 - 0x00007fff37c18000 	C:\WINDOWS\SYSTEM32\kernel.appcore.dll
0x00007fff26fd0000 - 0x00007fff26fda000 	C:\Users\hoang\.jdks\openjdk-21.0.2\bin\jimage.dll
0x00007fff363b0000 - 0x00007fff365e2000 	C:\WINDOWS\SYSTEM32\DBGHELP.DLL
0x00007fff3a3e0000 - 0x00007fff3a768000 	C:\WINDOWS\System32\combase.dll
0x00007fff3b320000 - 0x00007fff3b3f7000 	C:\WINDOWS\System32\OLEAUT32.dll
0x00007fff271a0000 - 0x00007fff271d2000 	C:\WINDOWS\SYSTEM32\dbgcore.DLL
0x00007fff38b40000 - 0x00007fff38bbb000 	C:\WINDOWS\System32\bcryptPrimitives.dll
0x00007fff26e70000 - 0x00007fff26e7f000 	C:\Users\hoang\.jdks\openjdk-21.0.2\bin\instrument.dll
0x00007fff26750000 - 0x00007fff2676f000 	C:\Users\hoang\.jdks\openjdk-21.0.2\bin\java.dll
0x00007fff39b00000 - 0x00007fff3a35f000 	C:\WINDOWS\System32\SHELL32.dll
0x00007fff36a40000 - 0x00007fff3733c000 	C:\WINDOWS\SYSTEM32\windows.storage.dll
0x00007fff36900000 - 0x00007fff36a3f000 	C:\WINDOWS\SYSTEM32\wintypes.dll
0x00007fff3ad50000 - 0x00007fff3ae44000 	C:\WINDOWS\System32\SHCORE.dll
0x00007fff3a380000 - 0x00007fff3a3de000 	C:\WINDOWS\System32\shlwapi.dll
0x00007fff38a10000 - 0x00007fff38a31000 	C:\WINDOWS\SYSTEM32\profapi.dll
0x00007fff1ea20000 - 0x00007fff1eaf7000 	C:\Users\hoang\.jdks\openjdk-21.0.2\bin\jsvml.dll
0x00007fff23a30000 - 0x00007fff23a48000 	C:\Users\hoang\.jdks\openjdk-21.0.2\bin\zip.dll
0x00007fff26d20000 - 0x00007fff26d30000 	C:\Users\hoang\.jdks\openjdk-21.0.2\bin\net.dll
0x00007fff31360000 - 0x00007fff31496000 	C:\WINDOWS\SYSTEM32\WINHTTP.dll
0x00007fff38070000 - 0x00007fff380d9000 	C:\WINDOWS\system32\mswsock.dll
0x00007fff23550000 - 0x00007fff23566000 	C:\Users\hoang\.jdks\openjdk-21.0.2\bin\nio.dll
0x00007fff25fc0000 - 0x00007fff25fd0000 	C:\Users\hoang\.jdks\openjdk-21.0.2\bin\verify.dll
0x00007fff232a0000 - 0x00007fff232c7000 	C:\Users\hoang\.gradle\native\c067742578af261105cb4f569cf0c3c89f3d7b1fecec35dd04571415982c5e48\windows-amd64\native-platform.dll
0x00007fff1dc90000 - 0x00007fff1ddd4000 	C:\Users\hoang\.gradle\native\100fb08df4bc3b14c8652ba06237920a3bd2aa13389f12d3474272988ae205f9\windows-amd64\native-platform-file-events.dll
0x00007fff245b0000 - 0x00007fff245ba000 	C:\Users\hoang\.jdks\openjdk-21.0.2\bin\management.dll
0x00007fff233e0000 - 0x00007fff233eb000 	C:\Users\hoang\.jdks\openjdk-21.0.2\bin\management_ext.dll
0x00007fff39af0000 - 0x00007fff39af8000 	C:\WINDOWS\System32\PSAPI.DLL
0x00007fff382d0000 - 0x00007fff382eb000 	C:\WINDOWS\SYSTEM32\CRYPTSP.dll
0x00007fff37b60000 - 0x00007fff37b95000 	C:\WINDOWS\system32\rsaenh.dll
0x00007fff38170000 - 0x00007fff38198000 	C:\WINDOWS\SYSTEM32\USERENV.dll
0x00007fff382f0000 - 0x00007fff382fc000 	C:\WINDOWS\SYSTEM32\CRYPTBASE.dll
0x00007fff37610000 - 0x00007fff3763d000 	C:\WINDOWS\SYSTEM32\IPHLPAPI.DLL
0x00007fff3aad0000 - 0x00007fff3aad9000 	C:\WINDOWS\System32\NSI.dll
0x00007fff23290000 - 0x00007fff23299000 	C:\Users\hoang\.jdks\openjdk-21.0.2\bin\extnet.dll
0x00007fff23280000 - 0x00007fff2328e000 	C:\Users\hoang\.jdks\openjdk-21.0.2\bin\sunmscapi.dll
0x00007fff392e0000 - 0x00007fff39447000 	C:\WINDOWS\System32\CRYPT32.dll
0x00007fff38490000 - 0x00007fff384be000 	C:\WINDOWS\SYSTEM32\ncrypt.dll
0x00007fff38450000 - 0x00007fff38487000 	C:\WINDOWS\SYSTEM32\NTASN1.dll
0x00007fff27310000 - 0x00007fff27318000 	C:\WINDOWS\system32\wshunix.dll

dbghelp: loaded successfully - version: 4.0.5 - missing functions: none
symbol engine: initialized successfully - sym options: 0x614 - pdb path: .;C:\Users\hoang\.jdks\openjdk-21.0.2\bin;C:\WINDOWS\SYSTEM32;C:\WINDOWS\WinSxS\amd64_microsoft.windows.common-controls_6595b64144ccf1df_6.0.22621.3672_none_2713b9d173822955;C:\Users\hoang\.jdks\openjdk-21.0.2\bin\server;C:\Users\hoang\.gradle\native\c067742578af261105cb4f569cf0c3c89f3d7b1fecec35dd04571415982c5e48\windows-amd64;C:\Users\hoang\.gradle\native\100fb08df4bc3b14c8652ba06237920a3bd2aa13389f12d3474272988ae205f9\windows-amd64

VM Arguments:
jvm_args: --add-opens=java.base/java.util=ALL-UNNAMED --add-opens=java.base/java.lang=ALL-UNNAMED --add-opens=java.base/java.lang.invoke=ALL-UNNAMED --add-opens=java.prefs/java.util.prefs=ALL-UNNAMED --add-opens=java.base/java.nio.charset=ALL-UNNAMED --add-opens=java.base/java.net=ALL-UNNAMED --add-opens=java.base/java.util.concurrent.atomic=ALL-UNNAMED -XX:MaxMetaspaceSize=384m -XX:+HeapDumpOnOutOfMemoryError -Xms256m -Xmx512m -Dfile.encoding=windows-1252 -Duser.country=US -Duser.language=en -Duser.variant -javaagent:C:\Users\hoang\.gradle\wrapper\dists\gradle-8.8-bin\dl7vupf4psengwqhwktix4v1\gradle-8.8\lib\agents\gradle-instrumentation-agent-8.8.jar 
java_command: org.gradle.launcher.daemon.bootstrap.GradleDaemon 8.8
java_class_path (initial): C:\Users\hoang\.gradle\wrapper\dists\gradle-8.8-bin\dl7vupf4psengwqhwktix4v1\gradle-8.8\lib\gradle-launcher-8.8.jar
Launcher Type: SUN_STANDARD

[Global flags]
     intx CICompilerCount                          = 4                                         {product} {ergonomic}
   size_t CompressedClassSpaceSize                 = 335544320                                 {product} {ergonomic}
     uint ConcGCThreads                            = 2                                         {product} {ergonomic}
     uint G1ConcRefinementThreads                  = 8                                         {product} {ergonomic}
   size_t G1HeapRegionSize                         = 1048576                                   {product} {ergonomic}
    uintx GCDrainStackTargetSize                   = 64                                        {product} {ergonomic}
     bool HeapDumpOnOutOfMemoryError               = true                                   {manageable} {command line}
   size_t InitialHeapSize                          = 268435456                                 {product} {command line}
   size_t MarkStackSize                            = 4194304                                   {product} {ergonomic}
   size_t MaxHeapSize                              = 536870912                                 {product} {command line}
   size_t MaxMetaspaceSize                         = 402653184                                 {product} {command line}
   size_t MaxNewSize                               = 321912832                                 {product} {ergonomic}
   size_t MinHeapDeltaBytes                        = 1048576                                   {product} {ergonomic}
   size_t MinHeapSize                              = 268435456                                 {product} {command line}
    uintx NonNMethodCodeHeapSize                   = 5839372                                {pd product} {ergonomic}
    uintx NonProfiledCodeHeapSize                  = 122909434                              {pd product} {ergonomic}
    uintx ProfiledCodeHeapSize                     = 122909434                              {pd product} {ergonomic}
    uintx ReservedCodeCacheSize                    = 251658240                              {pd product} {ergonomic}
     bool SegmentedCodeCache                       = true                                      {product} {ergonomic}
   size_t SoftMaxHeapSize                          = 536870912                              {manageable} {ergonomic}
     bool UseCompressedOops                        = true                           {product lp64_product} {ergonomic}
     bool UseG1GC                                  = true                                      {product} {ergonomic}
     bool UseLargePagesIndividualAllocation        = false                                  {pd product} {ergonomic}

Logging:
Log output configuration:
 #0: stdout all=warning uptime,level,tags foldmultilines=false
 #1: stderr all=off uptime,level,tags foldmultilines=false

Environment Variables:
JAVA_HOME=C:\jdk-21.0.2
PATH=C:\WINDOWS\system32;C:\WINDOWS;C:\WINDOWS\System32\Wbem;C:\WINDOWS\System32\WindowsPowerShell\v1.0\;C:\WINDOWS\System32\OpenSSH\;C:\xampp\php;C:\composer;C:\apache-maven-3.9.6\bin;C:\Program Files\nodejs\;C:\Program Files\Git\cmd;C:\Users\hoang\AppData\Local\Microsoft\WindowsApps;C:\Users\hoang\AppData\Local\Programs\Microsoft VS Code\bin;C:\Program Files\JetBrains\IntelliJ IDEA 2023.3.6\bin;;C:\Users\hoang\AppData\Roaming\Composer\vendor\bin;C:\Users\hoang\AppData\Roaming\npm
USERNAME=hoang
OS=Windows_NT
PROCESSOR_IDENTIFIER=Intel64 Family 6 Model 142 Stepping 12, GenuineIntel
TMP=C:\Users\hoang\AppData\Local\Temp
TEMP=C:\Users\hoang\AppData\Local\Temp




Periodic native trim disabled

---------------  S Y S T E M  ---------------

OS:
 Windows 11 , 64 bit Build 22621 (10.0.22621.3672)
OS uptime: 9 days 7:43 hours

CPU: total 8 (initial active 8) (4 cores per cpu, 2 threads per core) family 6 model 142 stepping 12 microcode 0xf8, cx8, cmov, fxsr, ht, mmx, 3dnowpref, sse, sse2, sse3, ssse3, sse4.1, sse4.2, popcnt, lzcnt, tsc, tscinvbit, avx, avx2, aes, erms, clmul, bmi1, bmi2, adx, fma, vzeroupper, clflush, clflushopt, rdtscp, f16c
Processor Information for all 8 processors :
  Max Mhz: 1992, Current Mhz: 1792, Mhz Limit: 1792

Memory: 4k page, system-wide physical 8054M (456M free)
TotalPageFile size 20752M (AvailPageFile size 0M)
current process WorkingSet (physical memory assigned to process): 352M, peak: 352M
current process commit charge ("private bytes"): 495M, peak: 496M

vm_info: OpenJDK 64-Bit Server VM (21.0.2+13-58) for windows-amd64 JRE (21.0.2+13-58), built on 2024-01-05T18:32:24Z by "mach5one" with MS VC++ 17.1 (VS2022)

END.
